#
# A fatal error has been detected by the Java Runtime Environment:
#
#  EXCEPTION_ACCESS_VIOLATION (0xc0000005) at pc=0x000000006e9cbbb1, pid=7900, tid=0x00000000000004e8
#
# JRE version: OpenJDK Runtime Environment (8.0_152-b02) (build 1.8.0_152-release-1024-b02)
# Java VM: OpenJDK 64-Bit Server VM (25.152-b02 mixed mode windows-amd64 compressed oops)
# Problematic frame:
# C  [gdx-box2d64.dll+0xbbb1]
#
# Failed to write core dump. Minidumps are not enabled by default on client versions of Windows
#
# If you would like to submit a bug report, please visit:
#   http://bugreport.java.com/bugreport/crash.jsp
# The crash happened outside the Java Virtual Machine in native code.
# See problematic frame for where to report the bug.
#

---------------  T H R E A D  ---------------

Current thread (0x000000001776d000):  JavaThread "LWJGL Application" [_thread_in_native, id=1256, stack(0x0000000018b30000,0x0000000018c30000)]

siginfo: ExceptionCode=0xc0000005, reading address 0x00000020182581f0

Registers:
RAX=0x000000006ea10060, RBX=0x00000020182581f0, RCX=0x00000000216b8c10, RDX=0x00000000000000b8
RSP=0x0000000018c2e840, RBP=0x00000000216b8c40, RSI=0x00000000216b8c10, RDI=0x0000000018c2e900
R8 =0x00000000216b8c10, R9 =0x0000000000000001, R10=0x0000000000000000, R11=0x0000000000000001
R12=0x0000000000000000, R13=0x0000000000000006, R14=0x0000000018c2eaf0, R15=0x000000001776d000
RIP=0x000000006e9cbbb1, EFLAGS=0x0000000000010206

Top of Stack: (sp=0x0000000018c2e840)
0x0000000018c2e840:   00000000151f8bb8 000000001776d000
0x0000000018c2e850:   00000000757df5d8 0000000018e16e90
0x0000000018c2e860:   0000000000000001 00000000216b8c10
0x0000000018c2e870:   0000000018c2e900 0000000018c2ea48
0x0000000018c2e880:   0000000000000000 00000000151f8bb8
0x0000000018c2e890:   0000000018c2eaf0 000000006e9e1163
0x0000000018c2e8a0:   0000000018c2e940 0000000018c2e940
0x0000000018c2e8b0:   0000000000000003 00000000151f8bb8
0x0000000018c2e8c0:   0000000000000001 0000000014b30480
0x0000000018c2e8d0:   000000000008d308 000000006e9e6a36
0x0000000018c2e8e0:   0000000000000000 000000000008d308
0x0000000018c2e8f0:   0000000018c2ea48 0000000002a554d8
0x0000000018c2e900:   42072ddd00000001 000000004053dcb5
0x0000000018c2e910:   0000000000000000 0000000000000000
0x0000000018c2e920:   0100010100000000 0000000018c2ea01
0x0000000018c2e930:   0000000000000000 000000003f800000 

Instructions: (pc=0x000000006e9cbbb1)
0x000000006e9cbb91:   05 ca 44 04 00 44 0f b6 2c 18 41 80 fd 0d 4c 89
0x000000006e9cbba1:   eb 77 2c 48 8d 2c de 48 8b 5d 10 48 85 db 74 45
0x000000006e9cbbb1:   48 8b 03 48 89 45 10 48 89 d8 48 83 c4 20 5b 5e
0x000000006e9cbbc1:   5f 5d 41 5c 41 5d 41 5e c3 66 0f 1f 44 00 00 48 


Register to memory mapping:

RAX=0x000000006ea10060 is an unknown value
RBX=0x00000020182581f0 is an unknown value
RCX=0x00000000216b8c10 is an unknown value
RDX=0x00000000000000b8 is an unknown value
RSP=0x0000000018c2e840 is pointing into the stack for thread: 0x000000001776d000
RBP=0x00000000216b8c40 is an unknown value
RSI=0x00000000216b8c10 is an unknown value
RDI=0x0000000018c2e900 is pointing into the stack for thread: 0x000000001776d000
R8 =0x00000000216b8c10 is an unknown value
R9 =0x0000000000000001 is an unknown value
R10=0x0000000000000000 is an unknown value
R11=0x0000000000000001 is an unknown value
R12=0x0000000000000000 is an unknown value
R13=0x0000000000000006 is an unknown value
R14=0x0000000018c2eaf0 is pointing into the stack for thread: 0x000000001776d000
R15=0x000000001776d000 is a thread


Stack: [0x0000000018b30000,0x0000000018c30000],  sp=0x0000000018c2e840,  free space=1018k
Native frames: (J=compiled Java code, j=interpreted, Vv=VM code, C=native code)
C  [gdx-box2d64.dll+0xbbb1]
C  [gdx-box2d64.dll+0x21163]
C  [gdx-box2d64.dll+0x26a36]
C  0x0000000002a689a7

Java frames: (J=compiled Java code, j=interpreted, Vv=VM code)
j  com.badlogic.gdx.physics.box2d.World.jniCreateBody(JIFFFFFFFFZZZZZF)J+0
j  com.badlogic.gdx.physics.box2d.World.createBody(Lcom/badlogic/gdx/physics/box2d/BodyDef;)Lcom/badlogic/gdx/physics/box2d/Body;+80
j  com.darsan.game.spells.ShadowBall.defineBody(Lcom/badlogic/gdx/math/Vector2;)V+35
j  com.darsan.game.spells.ShadowBall.<init>(Lcom/darsan/game/Game/MainGameScreen;Lcom/badlogic/gdx/math/Vector2;)V+28
j  com.darsan.game.charecters.Myhero.keyDown(I)Z+99
J 1039 C1 com.badlogic.gdx.backends.lwjgl.LwjglInput.processEvents()V (478 bytes) @ 0x0000000002e2cf94 [0x0000000002e2c920+0x674]
j  com.badlogic.gdx.backends.lwjgl.LwjglApplication.mainLoop()V+600
j  com.badlogic.gdx.backends.lwjgl.LwjglApplication$1.run()V+27
v  ~StubRoutines::call_stub

---------------  P R O C E S S  ---------------

Java Threads: ( => current thread )
  0x0000000018e7e000 JavaThread "AsynchExecutor-Thread" daemon [_thread_blocked, id=10760, stack(0x0000000021590000,0x0000000021690000)]
  0x0000000019262000 JavaThread "LWJGL Timer" daemon [_thread_blocked, id=1340, stack(0x0000000021490000,0x0000000021590000)]
  0x0000000002953800 JavaThread "DestroyJavaVM" [_thread_blocked, id=5976, stack(0x0000000002770000,0x0000000002870000)]
=>0x000000001776d000 JavaThread "LWJGL Application" [_thread_in_native, id=1256, stack(0x0000000018b30000,0x0000000018c30000)]
  0x00000000174be000 JavaThread "Service Thread" daemon [_thread_blocked, id=13976, stack(0x0000000017fe0000,0x00000000180e0000)]
  0x0000000017431000 JavaThread "C1 CompilerThread3" daemon [_thread_blocked, id=9372, stack(0x0000000017ee0000,0x0000000017fe0000)]
  0x000000001742e800 JavaThread "C2 CompilerThread2" daemon [_thread_blocked, id=14644, stack(0x0000000017de0000,0x0000000017ee0000)]
  0x0000000017427800 JavaThread "C2 CompilerThread1" daemon [_thread_blocked, id=3440, stack(0x0000000017ce0000,0x0000000017de0000)]
  0x0000000017426000 JavaThread "C2 CompilerThread0" daemon [_thread_blocked, id=9792, stack(0x0000000017be0000,0x0000000017ce0000)]
  0x0000000017423000 JavaThread "Attach Listener" daemon [_thread_blocked, id=8044, stack(0x0000000017ae0000,0x0000000017be0000)]
  0x0000000017422000 JavaThread "Signal Dispatcher" daemon [_thread_blocked, id=13380, stack(0x00000000179e0000,0x0000000017ae0000)]
  0x0000000017410800 JavaThread "Finalizer" daemon [_thread_blocked, id=1264, stack(0x00000000177f0000,0x00000000178f0000)]
  0x000000001551a800 JavaThread "Reference Handler" daemon [_thread_blocked, id=1260, stack(0x00000000172f0000,0x00000000173f0000)]

Other Threads:
  0x0000000015514800 VMThread [stack: 0x00000000171f0000,0x00000000172f0000] [id=15100]
  0x00000000174c6800 WatcherThread [stack: 0x00000000180e0000,0x00000000181e0000] [id=16212]

VM state:not at safepoint (normal execution)

VM Mutex/Monitor currently owned by a thread: None

Heap:
 PSYoungGen      total 18944K, used 9259K [0x00000000ead80000, 0x00000000ec280000, 0x0000000100000000)
  eden space 16384K, 40% used [0x00000000ead80000,0x00000000eb40bb98,0x00000000ebd80000)
  from space 2560K, 99% used [0x00000000ebd80000,0x00000000ebfff318,0x00000000ec000000)
  to   space 2560K, 0% used [0x00000000ec000000,0x00000000ec000000,0x00000000ec280000)
 ParOldGen       total 44032K, used 1673K [0x00000000c0800000, 0x00000000c3300000, 0x00000000ead80000)
  object space 44032K, 3% used [0x00000000c0800000,0x00000000c09a2430,0x00000000c3300000)
 Metaspace       used 8058K, capacity 8227K, committed 8448K, reserved 1056768K
  class space    used 723K, capacity 752K, committed 768K, reserved 1048576K

Card table byte_map: [0x0000000011e10000,0x0000000012010000] byte_map_base: 0x000000001180c000

Marking Bits: (ParMarkBitMap*) 0x00000000759a4970
 Begin Bits: [0x0000000012970000, 0x0000000013950000)
 End Bits:   [0x0000000013950000, 0x0000000014930000)

Polling page: 0x0000000000a00000

CodeCache: size=245760Kb used=4173Kb max_used=4184Kb free=241586Kb
 bounds [0x0000000002a50000, 0x0000000002e70000, 0x0000000011a50000]
 total_blobs=1550 nmethods=1068 adapters=396
 compilation: enabled

Compilation events (10 events):
Event: 17.382 Thread 0x000000001742e800 1064       4       com.badlogic.gdx.maps.tiled.renderers.BatchTiledMapRenderer::renderMapLayer (108 bytes)
Event: 17.390 Thread 0x000000001742e800 nmethod 1064 0x0000000002e52950 code [0x0000000002e52b00, 0x0000000002e53148]
Event: 17.399 Thread 0x0000000017426000 1065       4       com.badlogic.gdx.graphics.glutils.IndexBufferObject::getNumIndices (19 bytes)
Event: 17.400 Thread 0x0000000017426000 nmethod 1065 0x0000000002d72c10 code [0x0000000002d72d40, 0x0000000002d72db8]
Event: 17.516 Thread 0x0000000017431000 1066       1       com.darsan.game.detecters.WorldContactListner::preSolve (1 bytes)
Event: 17.516 Thread 0x0000000017427800 1067       4       com.badlogic.gdx.physics.box2d.World::postSolve (41 bytes)
Event: 17.516 Thread 0x0000000017431000 nmethod 1066 0x0000000002e3e050 code [0x0000000002e3e1a0, 0x0000000002e3e2b0]
Event: 17.517 Thread 0x0000000017427800 nmethod 1067 0x0000000002e3d410 code [0x0000000002e3d560, 0x0000000002e3d668]
Event: 18.218 Thread 0x000000001742e800 1068       4       org.lwjgl.opengl.GL20::glUniformMatrix4 (37 bytes)
Event: 18.220 Thread 0x000000001742e800 nmethod 1068 0x0000000002e572d0 code [0x0000000002e57420, 0x0000000002e57588]

GC Heap History (2 events):
Event: 2.223 GC heap before
{Heap before GC invocations=1 (full 0):
 PSYoungGen      total 18944K, used 16384K [0x00000000ead80000, 0x00000000ec280000, 0x0000000100000000)
  eden space 16384K, 100% used [0x00000000ead80000,0x00000000ebd80000,0x00000000ebd80000)
  from space 2560K, 0% used [0x00000000ec000000,0x00000000ec000000,0x00000000ec280000)
  to   space 2560K, 0% used [0x00000000ebd80000,0x00000000ebd80000,0x00000000ec000000)
 ParOldGen       total 44032K, used 0K [0x00000000c0800000, 0x00000000c3300000, 0x00000000ead80000)
  object space 44032K, 0% used [0x00000000c0800000,0x00000000c0800000,0x00000000c3300000)
 Metaspace       used 7414K, capacity 7619K, committed 7680K, reserved 1056768K
  class space    used 679K, capacity 720K, committed 768K, reserved 1048576K
Event: 2.228 GC heap after
Heap after GC invocations=1 (full 0):
 PSYoungGen      total 18944K, used 2556K [0x00000000ead80000, 0x00000000ec280000, 0x0000000100000000)
  eden space 16384K, 0% used [0x00000000ead80000,0x00000000ead80000,0x00000000ebd80000)
  from space 2560K, 99% used [0x00000000ebd80000,0x00000000ebfff318,0x00000000ec000000)
  to   space 2560K, 0% used [0x00000000ec000000,0x00000000ec000000,0x00000000ec280000)
 ParOldGen       total 44032K, used 1673K [0x00000000c0800000, 0x00000000c3300000, 0x00000000ead80000)
  object space 44032K, 3% used [0x00000000c0800000,0x00000000c09a2430,0x00000000c3300000)
 Metaspace       used 7414K, capacity 7619K, committed 7680K, reserved 1056768K
  class space    used 679K, capacity 720K, committed 768K, reserved 1048576K
}

Deoptimization events (10 events):
Event: 2.215 Thread 0x000000001776d000 Uncommon trap: reason=unstable_if action=reinterpret pc=0x0000000002c71650 method=java.util.concurrent.FutureTask.isDone()Z @ 4
Event: 2.220 Thread 0x000000001776d000 Uncommon trap: reason=unstable_if action=reinterpret pc=0x0000000002c8f834 method=com.badlogic.gdx.assets.AssetLoadingTask.handleAsyncLoader()V @ 12
Event: 2.230 Thread 0x000000001776d000 Uncommon trap: reason=unstable_if action=reinterpret pc=0x0000000002cb0dbc method=com.badlogic.gdx.assets.AssetLoadingTask.handleAsyncLoader()V @ 12
Event: 2.241 Thread 0x0000000018e7e000 Uncommon trap: reason=unstable_if action=reinterpret pc=0x0000000002c6fe9c method=java.util.ArrayList$SubList$1.hasNext()Z @ 11
Event: 2.280 Thread 0x000000001776d000 Uncommon trap: reason=unstable_if action=reinterpret pc=0x0000000002ccec2c method=com.badlogic.gdx.assets.AssetLoadingTask.handleAsyncLoader()V @ 230
Event: 7.432 Thread 0x000000001776d000 Uncommon trap: reason=unstable_if action=reinterpret pc=0x0000000002db3c7c method=com.badlogic.gdx.utils.Array.iterator()Ljava/util/Iterator; @ 4
Event: 7.432 Thread 0x000000001776d000 Uncommon trap: reason=unstable_if action=reinterpret pc=0x0000000002d93058 method=com.badlogic.gdx.utils.Array$ArrayIterable.iterator()Ljava/util/Iterator; @ 4
Event: 7.432 Thread 0x000000001776d000 Uncommon trap: reason=unstable_if action=reinterpret pc=0x0000000002d81c68 method=com.badlogic.gdx.physics.box2d.Body.getType()Lcom/badlogic/gdx/physics/box2d/BodyDef$BodyType; @ 19
Event: 7.432 Thread 0x000000001776d000 Uncommon trap: reason=unstable_if action=reinterpret pc=0x0000000002d65be4 method=com.badlogic.gdx.physics.box2d.Body.getType()Lcom/badlogic/gdx/physics/box2d/BodyDef$BodyType; @ 19
Event: 7.432 Thread 0x000000001776d000 Uncommon trap: reason=unstable_if action=reinterpret pc=0x0000000002d98410 method=com.badlogic.gdx.physics.box2d.Fixture.getShape()Lcom/badlogic/gdx/physics/box2d/Shape; @ 4

Classes redefined (0 events):
No events

Internal exceptions (10 events):
Event: 0.203 Thread 0x0000000002953800 Exception <a 'java/security/PrivilegedActionException'> (0x00000000eb000308) thrown at [D:\src\AOSP-openjdk-cygwin\jdk8u\hotspot\src\share\vm\prims\jvm.cpp, line 1390]
Event: 0.354 Thread 0x0000000002953800 Exception <a 'java/security/PrivilegedActionException'> (0x00000000eb117150) thrown at [D:\src\AOSP-openjdk-cygwin\jdk8u\hotspot\src\share\vm\prims\jvm.cpp, line 1390]
Event: 0.354 Thread 0x0000000002953800 Exception <a 'java/security/PrivilegedActionException'> (0x00000000eb118e28) thrown at [D:\src\AOSP-openjdk-cygwin\jdk8u\hotspot\src\share\vm\prims\jvm.cpp, line 1390]
Event: 0.354 Thread 0x0000000002953800 Exception <a 'java/security/PrivilegedActionException'> (0x00000000eb119f98) thrown at [D:\src\AOSP-openjdk-cygwin\jdk8u\hotspot\src\share\vm\prims\jvm.cpp, line 1390]
Event: 0.354 Thread 0x0000000002953800 Exception <a 'java/security/PrivilegedActionException'> (0x00000000eb11f100) thrown at [D:\src\AOSP-openjdk-cygwin\jdk8u\hotspot\src\share\vm\prims\jvm.cpp, line 1390]
Event: 0.354 Thread 0x0000000002953800 Exception <a 'java/security/PrivilegedActionException'> (0x00000000eb11fd58) thrown at [D:\src\AOSP-openjdk-cygwin\jdk8u\hotspot\src\share\vm\prims\jvm.cpp, line 1390]
Event: 0.354 Thread 0x0000000002953800 Exception <a 'java/security/PrivilegedActionException'> (0x00000000eb120980) thrown at [D:\src\AOSP-openjdk-cygwin\jdk8u\hotspot\src\share\vm\prims\jvm.cpp, line 1390]
Event: 7.432 Thread 0x000000001776d000 Implicit null exception at 0x0000000002db37c0 to 0x0000000002db3c55
Event: 7.432 Thread 0x000000001776d000 Implicit null exception at 0x0000000002d92ff0 to 0x0000000002d93045
Event: 7.432 Thread 0x000000001776d000 Implicit null exception at 0x0000000002d95b7c to 0x0000000002d983f1

Events (10 events):
Event: 7.432 Thread 0x000000001776d000 Uncommon trap: trap_request=0xffffff65 fr.pc=0x0000000002d65be4
Event: 7.432 Thread 0x000000001776d000 DEOPT PACKING pc=0x0000000002d65be4 sp=0x0000000018c2e840
Event: 7.432 Thread 0x000000001776d000 DEOPT UNPACKING pc=0x0000000002a9557b sp=0x0000000018c2e7d8 mode 2
Event: 7.432 Thread 0x000000001776d000 Uncommon trap: trap_request=0xffffff65 fr.pc=0x0000000002d98410
Event: 7.432 Thread 0x000000001776d000 DEOPT PACKING pc=0x0000000002d98410 sp=0x0000000018c2e870
Event: 7.432 Thread 0x000000001776d000 DEOPT UNPACKING pc=0x0000000002a9557b sp=0x0000000018c2e7c0 mode 2
Event: 7.432 loading class java/util/ArrayList$Itr
Event: 7.433 loading class java/util/ArrayList$Itr done
Event: 12.682 Thread 0x000000001776d000 DEOPT PACKING pc=0x0000000002da123c sp=0x0000000018c2e980
Event: 12.682 Thread 0x000000001776d000 DEOPT UNPACKING pc=0x0000000002a975d0 sp=0x0000000018c2e740 mode 0


Dynamic libraries:
0x00007ff778a00000 - 0x00007ff778a31000 	C:\Program Files\Android\Android Studio\jre\bin\java.exe
0x00007fff73880000 - 0x00007fff73a61000 	C:\WINDOWS\SYSTEM32\ntdll.dll
0x00007fff735a0000 - 0x00007fff73652000 	C:\WINDOWS\System32\KERNEL32.DLL
0x00007fff6fc50000 - 0x00007fff6fec3000 	C:\WINDOWS\System32\KERNELBASE.dll
0x00007fff71d10000 - 0x00007fff71db1000 	C:\WINDOWS\System32\ADVAPI32.dll
0x00007fff734e0000 - 0x00007fff7357e000 	C:\WINDOWS\System32\msvcrt.dll
0x00007fff70e00000 - 0x00007fff70e5b000 	C:\WINDOWS\System32\sechost.dll
0x00007fff71dc0000 - 0x00007fff71ee4000 	C:\WINDOWS\System32\RPCRT4.dll
0x00007fff73660000 - 0x00007fff737f0000 	C:\WINDOWS\System32\USER32.dll
0x00007fff70250000 - 0x00007fff70270000 	C:\WINDOWS\System32\win32u.dll
0x00007fff719c0000 - 0x00007fff719e8000 	C:\WINDOWS\System32\GDI32.dll
0x00007fff70ad0000 - 0x00007fff70c62000 	C:\WINDOWS\System32\gdi32full.dll
0x00007fff70c70000 - 0x00007fff70d0f000 	C:\WINDOWS\System32\msvcp_win.dll
0x00007fff70270000 - 0x00007fff7036a000 	C:\WINDOWS\System32\ucrtbase.dll
0x00007fff67900000 - 0x00007fff67b69000 	C:\WINDOWS\WinSxS\amd64_microsoft.windows.common-controls_6595b64144ccf1df_6.0.17134.345_none_fb429a5930656358\COMCTL32.dll
0x00007fff71020000 - 0x00007fff71343000 	C:\WINDOWS\System32\combase.dll
0x00007fff700c0000 - 0x00007fff7013a000 	C:\WINDOWS\System32\bcryptPrimitives.dll
0x00007fff734b0000 - 0x00007fff734dd000 	C:\WINDOWS\System32\IMM32.DLL
0x0000000075cb0000 - 0x0000000075d82000 	C:\Program Files\Android\Android Studio\jre\jre\bin\msvcr100.dll
0x00000000751e0000 - 0x0000000075a1f000 	C:\Program Files\Android\Android Studio\jre\jre\bin\server\jvm.dll
0x00007fff71cf0000 - 0x00007fff71cf8000 	C:\WINDOWS\System32\PSAPI.DLL
0x00007fff6a750000 - 0x00007fff6a75a000 	C:\WINDOWS\SYSTEM32\VERSION.dll
0x00007fff6c760000 - 0x00007fff6c783000 	C:\WINDOWS\SYSTEM32\WINMM.dll
0x00007fff6c6e0000 - 0x00007fff6c6e9000 	C:\WINDOWS\SYSTEM32\WSOCK32.dll
0x00007fff71c20000 - 0x00007fff71c8c000 	C:\WINDOWS\System32\WS2_32.dll
0x00007fff6c730000 - 0x00007fff6c75a000 	C:\WINDOWS\SYSTEM32\winmmbase.dll
0x00007fff70a80000 - 0x00007fff70ac9000 	C:\WINDOWS\System32\cfgmgr32.dll
0x00007fff63550000 - 0x00007fff6355f000 	C:\Program Files\Android\Android Studio\jre\jre\bin\verify.dll
0x00007fff2fa90000 - 0x00007fff2fab9000 	C:\Program Files\Android\Android Studio\jre\jre\bin\java.dll
0x00007fff301b0000 - 0x00007fff301c6000 	C:\Program Files\Android\Android Studio\jre\jre\bin\zip.dll
0x00007fff71ef0000 - 0x00007fff7332f000 	C:\WINDOWS\System32\SHELL32.dll
0x00007fff73330000 - 0x00007fff733d9000 	C:\WINDOWS\System32\shcore.dll
0x00007fff70370000 - 0x00007fff70a7d000 	C:\WINDOWS\System32\windows.storage.dll
0x00007fff70fc0000 - 0x00007fff71011000 	C:\WINDOWS\System32\shlwapi.dll
0x00007fff6fc10000 - 0x00007fff6fc21000 	C:\WINDOWS\System32\kernel.appcore.dll
0x00007fff6fc30000 - 0x00007fff6fc4f000 	C:\WINDOWS\System32\profapi.dll
0x00007fff6fbc0000 - 0x00007fff6fc0c000 	C:\WINDOWS\System32\powrprof.dll
0x00007fff6fb90000 - 0x00007fff6fb9a000 	C:\WINDOWS\System32\FLTLIB.DLL
0x0000000065ac0000 - 0x0000000065b26000 	C:\Users\Darsan\AppData\Local\Temp\libgdxDarsan\689f6d6a\gdx64.dll
0x00007fff6f5c0000 - 0x00007fff6f5d7000 	C:\WINDOWS\SYSTEM32\CRYPTSP.dll
0x00007fff6ef90000 - 0x00007fff6efc3000 	C:\WINDOWS\system32\rsaenh.dll
0x00007fff6f6f0000 - 0x00007fff6f715000 	C:\WINDOWS\SYSTEM32\bcrypt.dll
0x00007fff6fa90000 - 0x00007fff6fab8000 	C:\WINDOWS\SYSTEM32\USERENV.dll
0x00007fff6f5e0000 - 0x00007fff6f5eb000 	C:\WINDOWS\SYSTEM32\CRYPTBASE.dll
0x00007fff2f140000 - 0x00007fff2f15a000 	C:\Program Files\Android\Android Studio\jre\jre\bin\net.dll
0x00007fff6f410000 - 0x00007fff6f476000 	C:\WINDOWS\system32\mswsock.dll
0x00007fff6f190000 - 0x00007fff6f1c8000 	C:\WINDOWS\SYSTEM32\IPHLPAPI.DLL
0x00007fff71d00000 - 0x00007fff71d08000 	C:\WINDOWS\System32\NSI.dll
0x00007fff6a400000 - 0x00007fff6a416000 	C:\WINDOWS\SYSTEM32\dhcpcsvc6.DLL
0x00007fff6a3e0000 - 0x00007fff6a3fa000 	C:\WINDOWS\SYSTEM32\dhcpcsvc.DLL
0x00007fff2f120000 - 0x00007fff2f131000 	C:\Program Files\Android\Android Studio\jre\jre\bin\nio.dll
0x0000000180000000 - 0x0000000180053000 	C:\Users\Darsan\AppData\Local\Temp\libgdxDarsan\dc0f0009\lwjgl64.dll
0x00007fff1a600000 - 0x00007fff1a720000 	C:\WINDOWS\SYSTEM32\OPENGL32.dll
0x00007fff2a080000 - 0x00007fff2a0ac000 	C:\WINDOWS\SYSTEM32\GLU32.dll
0x0000000002870000 - 0x00000000028d4000 	C:\Users\Darsan\AppData\Local\Temp\libgdxDarsan\dc0f0009\OpenAL64.dll
0x00007fff70e60000 - 0x00007fff70fb1000 	C:\WINDOWS\System32\ole32.dll
0x00007fff6de00000 - 0x00007fff6de98000 	C:\WINDOWS\system32\uxtheme.dll
0x00007fff719f0000 - 0x00007fff71a90000 	C:\WINDOWS\System32\clbcatq.dll
0x00007fff6e6a0000 - 0x00007fff6e854000 	C:\WINDOWS\System32\PROPSYS.dll
0x00007fff733e0000 - 0x00007fff734a2000 	C:\WINDOWS\System32\OLEAUT32.dll
0x00007fff26b70000 - 0x00007fff26bff000 	C:\WINDOWS\SYSTEM32\dsound.dll
0x00007fff68ef0000 - 0x00007fff68f66000 	C:\WINDOWS\System32\MMDevApi.dll
0x00007fff6f9a0000 - 0x00007fff6f9c7000 	C:\WINDOWS\System32\DEVOBJ.dll
0x00007fff30540000 - 0x00007fff3066c000 	C:\WINDOWS\SYSTEM32\AUDIOSES.DLL
0x00007fff6aaf0000 - 0x00007fff6ac3d000 	C:\WINDOWS\SYSTEM32\wintypes.dll
0x00007fff6b2c0000 - 0x00007fff6b2ca000 	C:\WINDOWS\SYSTEM32\AVRT.dll
0x00007fff71aa0000 - 0x00007fff71c14000 	C:\WINDOWS\System32\MSCTF.dll
0x00007fff6e050000 - 0x00007fff6e079000 	C:\WINDOWS\system32\dwmapi.dll
0x00007fff65ec0000 - 0x00007fff65f57000 	C:\WINDOWS\System32\TextInputFramework.dll
0x00007fff6ac60000 - 0x00007fff6af7e000 	C:\WINDOWS\System32\CoreUIComponents.dll
0x00007fff6da40000 - 0x00007fff6db1a000 	C:\WINDOWS\System32\CoreMessaging.dll
0x00007fff6ec80000 - 0x00007fff6ecb1000 	C:\WINDOWS\SYSTEM32\ntmarta.dll
0x00000000728b0000 - 0x0000000074e8d000 	C:\WINDOWS\System32\DriverStore\FileRepository\nv_dispi.inf_amd64_2607ccebc5b08aba\nvoglv64.dll
0x00007fff71350000 - 0x00007fff7179b000 	C:\WINDOWS\System32\SETUPAPI.dll
0x00007fff6c0e0000 - 0x00007fff6c0f3000 	C:\WINDOWS\SYSTEM32\WTSAPI32.dll
0x00007fff701f0000 - 0x00007fff70247000 	C:\WINDOWS\System32\WINTRUST.dll
0x00007fff6fba0000 - 0x00007fff6fbb2000 	C:\WINDOWS\System32\MSASN1.dll
0x00007fff6fed0000 - 0x00007fff700b2000 	C:\WINDOWS\System32\CRYPT32.dll
0x00007fff17460000 - 0x00007fff176e8000 	C:\WINDOWS\system32\nvspcap64.dll
0x00007fff664d0000 - 0x00007fff66578000 	C:\WINDOWS\SYSTEM32\mscms.dll
0x00007fff6c800000 - 0x00007fff6c810000 	C:\WINDOWS\SYSTEM32\ColorAdapterClient.dll
0x00007fff655c0000 - 0x00007fff65603000 	C:\WINDOWS\SYSTEM32\icm32.dll
0x00007fff6f030000 - 0x00007fff6f086000 	C:\WINDOWS\SYSTEM32\WINSTA.dll
0x000000006e9c0000 - 0x000000006ea4c000 	C:\Users\Darsan\AppData\Local\Temp\libgdxDarsan\7da55056\gdx-box2d64.dll
0x00007fff5d5f0000 - 0x00007fff5d7b9000 	C:\WINDOWS\SYSTEM32\dbghelp.dll

VM Arguments:
jvm_args: -Dfile.encoding=windows-1252 -Duser.country=US -Duser.language=en -Duser.variant 
java_command: com.darsan.game.desktop.DesktopLauncher
java_class_path (initial): D:\mystuff\the smith\desktop\build\classes\java\main;D:\mystuff\the smith\desktop\build\resources\main;D:\mystuff\the smith\core\build\libs\core-1.0.jar;C:\Users\Darsan\.gradle\caches\modules-2\files-2.1\com.badlogicgames.gdx\gdx-tools\1.9.9\55228989f0479dd4bbe487766eda15e5d512c51e\gdx-tools-1.9.9.jar;C:\Users\Darsan\.gradle\caches\modules-2\files-2.1\com.badlogicgames.gdx\gdx-backend-lwjgl\1.9.9\ca8911cb94c0bfeb59f99e46ca9b92440958fb0e\gdx-backend-lwjgl-1.9.9.jar;C:\Users\Darsan\.gradle\caches\modules-2\files-2.1\com.badlogicgames.gdx\gdx-platform\1.9.9\7e644cfafdb436b13b24ac7993ffab17f306b64d\gdx-platform-1.9.9-natives-desktop.jar;C:\Users\Darsan\.gradle\caches\modules-2\files-2.1\com.badlogicgames.gdx\gdx-box2d-platform\1.9.9\72b2916f45f3f948896eda931cd597f7e698340f\gdx-box2d-platform-1.9.9-natives-desktop.jar;C:\Users\Darsan\.gradle\caches\modules-2\files-2.1\com.badlogicgames.gdx\gdx-controllers-desktop\1.9.9\d4b8b62f077382db145e7a94a27a994b68ce6ee\gdx-controllers-desktop-1.9.9.jar;C:\Users\Darsan\.gradle\caches\modules-2\files-2.1\com.badlogicgames.gdx\gdx-controllers-platform\1.9.9\26b8735060fdfd7dc6529cf5085fa57144a349d9\gdx-controllers-platform-1.9.9-natives-desktop.jar;C:\Users\Darsan\.gradle\caches\modules-2\files-2.1\com.badlogicgames.gdx\gdx-controllers\1.9.9\55b69a040e076b17d01a5057f9cb2ce338a3331a\gdx-controllers-1.9.9.jar;C:\Users\Darsan\.gradle\caches\modules-2\files-2.1\com.badlogicgames.ashley\ashley\1.7.0\a7c4083c0a42027a3c03ba7ccecef6cbe1c5f0a4\ashley-1.7.0.jar;C:\Users\Darsan\.gradle\caches\modules-2\files-2.1\com.badlogicgames.gdx\gdx-ai\1.8.0\ec30677d8ab1a8b8aa4b853c5f4e4b1361f50bf5\gdx-ai-1.8.0.jar;C:\Users\Darsan\.gradle\caches\modules-2\files-2.1\com.badlogicgames.gdx\gdx-backend-headless\1.9.9\657d1d232f274162eb8fd600a137b2221f2fc9c\gdx-backend-headless-1.9.9.jar;C:\Users\Darsan\.gradle\caches\modules-2\files-2.1\com.badlogicgames.gdx\gdx-freetype\1.9.9\d947872087863b654d9a0e27a8cb10a29d6fd3d6\gdx-freetype-1.9
Launcher Type: SUN_STANDARD

Environment Variables:
PATH=C:\Program Files (x86)\Common Files\Oracle\Java\javapath;C:\ProgramData\Oracle\Java\javapath;C:\Program Files (x86)\Razer Chroma SDK\bin;C:\Program Files\Razer Chroma SDK\bin;C:\Windows\system32;C:\Windows;C:\Windows\System32\Wbem;C:\Windows\System32\WindowsPowerShell\v1.0\;C:\Users\Darsan\AppData\Local\Microsoft\WindowsApps;C:\Program Files (x86)\GtkSharp\2.12\bin;C:\Program Files\Microsoft SQL Server\Client SDK\ODBC\130\Tools\Binn\;C:\Program Files (x86)\Microsoft SQL Server\130\Tools\Binn\;C:\Program Files\Microsoft SQL Server\130\Tools\Binn\;C:\Program Files\Microsoft SQL Server\130\DTS\Binn\;C:\Program Files (x86)\Microsoft SQL Server\140\Tools\Binn\;C:\Program Files\Microsoft SQL Server\140\Tools\Binn\;C:\Program Files\Microsoft SQL Server\140\DTS\Binn\;C:\Program Files (x86)\Microsoft SQL Server\Client SDK\ODBC\130\Tools\Binn\;C:\Program Files (x86)\Microsoft SQL Server\140\DTS\Binn\;C:\Program Files (x86)\Microsoft SQL Server\140\Tools\Binn\ManagementStudio\;C:\WINDOWS\system32;C:\WINDOWS;C:\WINDOWS\System32\Wbem;C:\WINDOWS\System32\WindowsPowerShell\v1.0\;C:\WINDOWS\System32\OpenSSH\;C:\Program Files (x86)\NVIDIA Corporation\PhysX\Common;C:\Users\Darsan\AppData\Local\Microsoft\WindowsApps;
USERNAME=Darsan
OS=Windows_NT
PROCESSOR_IDENTIFIER=Intel64 Family 6 Model 58 Stepping 9, GenuineIntel



---------------  S Y S T E M  ---------------

OS: Windows 10.0 , 64 bit Build 17134 (10.0.17134.1)

CPU:total 8 (initial active 8) (4 cores per cpu, 2 threads per core) family 6 model 58 stepping 9, cmov, cx8, fxsr, mmx, sse, sse2, sse3, ssse3, sse4.1, sse4.2, popcnt, avx, aes, clmul, erms, ht, tsc, tscinvbit, tscinv

Memory: 4k page, physical 4154460k(905132k free), swap 9659484k(2414904k free)

vm_info: OpenJDK 64-Bit Server VM (25.152-b02) for windows-amd64 JRE (1.8.0_152-release-1024-b02), built by "builder" with MS VC++ 10.0 (VS2010)

time: Sun Mar 17 15:44:52 2019
elapsed time: 18 seconds (0d 0h 0m 18s)

