#
# A fatal error has been detected by the Java Runtime Environment:
#
#  EXCEPTION_ACCESS_VIOLATION (0xc0000005) at pc=0x000000006e9cbbb1, pid=7700, tid=0x0000000000003e18
#
# JRE version: OpenJDK Runtime Environment (8.0_152-b02) (build 1.8.0_152-release-1024-b02)
# Java VM: OpenJDK 64-Bit Server VM (25.152-b02 mixed mode windows-amd64 compressed oops)
# Problematic frame:
# C  [gdx-box2d64.dll+0xbbb1]
#
# Failed to write core dump. Minidumps are not enabled by default on client versions of Windows
#
# If you would like to submit a bug report, please visit:
#   http://bugreport.java.com/bugreport/crash.jsp
# The crash happened outside the Java Virtual Machine in native code.
# See problematic frame for where to report the bug.
#

---------------  T H R E A D  ---------------

Current thread (0x0000000018896000):  JavaThread "LWJGL Application" [_thread_in_native, id=15896, stack(0x0000000019190000,0x0000000019290000)]

siginfo: ExceptionCode=0xc0000005, reading address 0x00000020181c7ef0

Registers:
RAX=0x000000006ea10060, RBX=0x00000020181c7ef0, RCX=0x0000000021548c10, RDX=0x00000000000000b8
RSP=0x000000001928ef60, RBP=0x0000000021548c40, RSI=0x0000000021548c10, RDI=0x000000001928f020
R8 =0x0000000021548c10, R9 =0x0000000000000001, R10=0x0000000000000000, R11=0x0000000000000001
R12=0x0000000000000000, R13=0x0000000000000006, R14=0x000000001928f210, R15=0x0000000018896000
RIP=0x000000006e9cbbb1, EFLAGS=0x0000000000010206

Top of Stack: (sp=0x000000001928ef60)
0x000000001928ef60:   0000000015158ef8 0000000018896000
0x000000001928ef70:   000000005af8f5d8 0000000018cb1000
0x000000001928ef80:   0000000000000001 0000000021548c10
0x000000001928ef90:   000000001928f020 000000001928f168
0x000000001928efa0:   0000000000000000 0000000015158ef8
0x000000001928efb0:   000000001928f210 000000006e9e1163
0x000000001928efc0:   000000001928f060 000000001928f060
0x000000001928efd0:   0000000000000003 0000000015158ef8
0x000000001928efe0:   0000000000000001 0000000020012840
0x000000001928eff0:   0000000015193090 000000006e9e6a36
0x000000001928f000:   0000000000000000 0000000015193090
0x000000001928f010:   000000001928f168 00000000029b54d8
0x000000001928f020:   422235f600000001 000000004092c711
0x000000001928f030:   0000000000000000 0000000000000000
0x000000001928f040:   0100010100000000 000000001928f201
0x000000001928f050:   0000000000000000 000000003f800000 

Instructions: (pc=0x000000006e9cbbb1)
0x000000006e9cbb91:   05 ca 44 04 00 44 0f b6 2c 18 41 80 fd 0d 4c 89
0x000000006e9cbba1:   eb 77 2c 48 8d 2c de 48 8b 5d 10 48 85 db 74 45
0x000000006e9cbbb1:   48 8b 03 48 89 45 10 48 89 d8 48 83 c4 20 5b 5e
0x000000006e9cbbc1:   5f 5d 41 5c 41 5d 41 5e c3 66 0f 1f 44 00 00 48 


Register to memory mapping:

RAX=0x000000006ea10060 is an unknown value
RBX=0x00000020181c7ef0 is an unknown value
RCX=0x0000000021548c10 is an unknown value
RDX=0x00000000000000b8 is an unknown value
RSP=0x000000001928ef60 is pointing into the stack for thread: 0x0000000018896000
RBP=0x0000000021548c40 is an unknown value
RSI=0x0000000021548c10 is an unknown value
RDI=0x000000001928f020 is pointing into the stack for thread: 0x0000000018896000
R8 =0x0000000021548c10 is an unknown value
R9 =0x0000000000000001 is an unknown value
R10=0x0000000000000000 is an unknown value
R11=0x0000000000000001 is an unknown value
R12=0x0000000000000000 is an unknown value
R13=0x0000000000000006 is an unknown value
R14=0x000000001928f210 is pointing into the stack for thread: 0x0000000018896000
R15=0x0000000018896000 is a thread


Stack: [0x0000000019190000,0x0000000019290000],  sp=0x000000001928ef60,  free space=1019k
Native frames: (J=compiled Java code, j=interpreted, Vv=VM code, C=native code)
C  [gdx-box2d64.dll+0xbbb1]
C  [gdx-box2d64.dll+0x21163]
C  [gdx-box2d64.dll+0x26a36]
C  0x00000000029c89a7

Java frames: (J=compiled Java code, j=interpreted, Vv=VM code)
j  com.badlogic.gdx.physics.box2d.World.jniCreateBody(JIFFFFFFFFZZZZZF)J+0
j  com.badlogic.gdx.physics.box2d.World.createBody(Lcom/badlogic/gdx/physics/box2d/BodyDef;)Lcom/badlogic/gdx/physics/box2d/Body;+80
j  com.darsan.game.weapons.ShadowBall.defineBody(Lcom/badlogic/gdx/math/Vector2;)V+35
j  com.darsan.game.weapons.ShadowBall.<init>(Lcom/darsan/game/Game/MainGameScreen;Lcom/badlogic/gdx/math/Vector2;)V+28
j  com.darsan.game.charecters.Myhero.keyDown(I)Z+99
J 992 C1 com.badlogic.gdx.backends.lwjgl.LwjglInput.processEvents()V (478 bytes) @ 0x0000000002d6e414 [0x0000000002d6dda0+0x674]
j  com.badlogic.gdx.backends.lwjgl.LwjglApplication.mainLoop()V+600
j  com.badlogic.gdx.backends.lwjgl.LwjglApplication$1.run()V+27
v  ~StubRoutines::call_stub

---------------  P R O C E S S  ---------------

Java Threads: ( => current thread )
  0x0000000018da9000 JavaThread "AsynchExecutor-Thread" daemon [_thread_blocked, id=11780, stack(0x0000000021420000,0x0000000021520000)]
  0x0000000018a90800 JavaThread "LWJGL Timer" daemon [_thread_blocked, id=1380, stack(0x0000000021320000,0x0000000021420000)]
  0x00000000028b3800 JavaThread "DestroyJavaVM" [_thread_blocked, id=14800, stack(0x00000000026b0000,0x00000000027b0000)]
=>0x0000000018896000 JavaThread "LWJGL Application" [_thread_in_native, id=15896, stack(0x0000000019190000,0x0000000019290000)]
  0x0000000017436800 JavaThread "Service Thread" daemon [_thread_blocked, id=17892, stack(0x0000000017f50000,0x0000000018050000)]
  0x000000001739d800 JavaThread "C1 CompilerThread3" daemon [_thread_blocked, id=15048, stack(0x0000000017e50000,0x0000000017f50000)]
  0x000000001738d800 JavaThread "C2 CompilerThread2" daemon [_thread_blocked, id=3728, stack(0x0000000017d50000,0x0000000017e50000)]
  0x0000000017388000 JavaThread "C2 CompilerThread1" daemon [_thread_blocked, id=14840, stack(0x0000000017c50000,0x0000000017d50000)]
  0x0000000017386000 JavaThread "C2 CompilerThread0" daemon [_thread_blocked, id=12972, stack(0x0000000017b50000,0x0000000017c50000)]
  0x0000000017395800 JavaThread "Attach Listener" daemon [_thread_blocked, id=14124, stack(0x0000000017a50000,0x0000000017b50000)]
  0x0000000017394800 JavaThread "Signal Dispatcher" daemon [_thread_blocked, id=2984, stack(0x0000000017950000,0x0000000017a50000)]
  0x0000000017380800 JavaThread "Finalizer" daemon [_thread_blocked, id=14964, stack(0x0000000017760000,0x0000000017860000)]
  0x000000001547a800 JavaThread "Reference Handler" daemon [_thread_blocked, id=16092, stack(0x0000000017260000,0x0000000017360000)]

Other Threads:
  0x0000000015475000 VMThread [stack: 0x0000000017160000,0x0000000017260000] [id=6904]
  0x0000000017437800 WatcherThread [stack: 0x0000000018050000,0x0000000018150000] [id=8924]

VM state:not at safepoint (normal execution)

VM Mutex/Monitor currently owned by a thread: None

Heap:
 PSYoungGen      total 18944K, used 10132K [0x00000000ead80000, 0x00000000ec280000, 0x0000000100000000)
  eden space 16384K, 46% used [0x00000000ead80000,0x00000000eb4e6950,0x00000000ebd80000)
  from space 2560K, 99% used [0x00000000ebd80000,0x00000000ebffea30,0x00000000ec000000)
  to   space 2560K, 0% used [0x00000000ec000000,0x00000000ec000000,0x00000000ec280000)
 ParOldGen       total 44032K, used 1657K [0x00000000c0800000, 0x00000000c3300000, 0x00000000ead80000)
  object space 44032K, 3% used [0x00000000c0800000,0x00000000c099e6c8,0x00000000c3300000)
 Metaspace       used 8060K, capacity 8227K, committed 8448K, reserved 1056768K
  class space    used 722K, capacity 752K, committed 768K, reserved 1048576K

Card table byte_map: [0x0000000011d70000,0x0000000011f70000] byte_map_base: 0x000000001176c000

Marking Bits: (ParMarkBitMap*) 0x000000005b154970
 Begin Bits: [0x00000000128d0000, 0x00000000138b0000)
 End Bits:   [0x00000000138b0000, 0x0000000014890000)

Polling page: 0x00000000009a0000

CodeCache: size=245760Kb used=4523Kb max_used=4537Kb free=241236Kb
 bounds [0x00000000029b0000, 0x0000000002e30000, 0x00000000119b0000]
 total_blobs=1583 nmethods=1101 adapters=396
 compilation: enabled

Compilation events (10 events):
Event: 42.758 Thread 0x000000001739d800 1097       3       com.badlogic.gdx.physics.box2d.Box2DDebugRenderer::render (14 bytes)
Event: 42.758 Thread 0x000000001739d800 nmethod 1097 0x0000000002dff0d0 code [0x0000000002dff260, 0x0000000002dff618]
Event: 42.758 Thread 0x000000001739d800 1098       3       com.badlogic.gdx.graphics.glutils.ShapeRenderer::setProjectionMatrix (15 bytes)
Event: 42.759 Thread 0x000000001739d800 nmethod 1098 0x0000000002e07350 code [0x0000000002e074c0, 0x0000000002e077a8]
Event: 42.759 Thread 0x000000001739d800 1099       3       com.darsan.game.Game.MainGameScreen::doGravity (13 bytes)
Event: 42.759 Thread 0x000000001739d800 nmethod 1099 0x0000000002dfeb10 code [0x0000000002dfeca0, 0x0000000002dfef28]
Event: 42.759 Thread 0x000000001739d800 1100       3       com.badlogic.gdx.physics.box2d.World::step (12 bytes)
Event: 42.759 Thread 0x000000001739d800 nmethod 1100 0x0000000002e06f90 code [0x0000000002e07100, 0x0000000002e072a8]
Event: 42.841 Thread 0x0000000017388000 1101       4       com.badlogic.gdx.utils.Array::iterator (27 bytes)
Event: 42.848 Thread 0x0000000017388000 nmethod 1101 0x0000000002e054d0 code [0x0000000002e05620, 0x0000000002e058f8]

GC Heap History (2 events):
Event: 1.914 GC heap before
{Heap before GC invocations=1 (full 0):
 PSYoungGen      total 18944K, used 16384K [0x00000000ead80000, 0x00000000ec280000, 0x0000000100000000)
  eden space 16384K, 100% used [0x00000000ead80000,0x00000000ebd80000,0x00000000ebd80000)
  from space 2560K, 0% used [0x00000000ec000000,0x00000000ec000000,0x00000000ec280000)
  to   space 2560K, 0% used [0x00000000ebd80000,0x00000000ebd80000,0x00000000ec000000)
 ParOldGen       total 44032K, used 0K [0x00000000c0800000, 0x00000000c3300000, 0x00000000ead80000)
  object space 44032K, 0% used [0x00000000c0800000,0x00000000c0800000,0x00000000c3300000)
 Metaspace       used 7420K, capacity 7619K, committed 7680K, reserved 1056768K
  class space    used 679K, capacity 720K, committed 768K, reserved 1048576K
Event: 1.920 GC heap after
Heap after GC invocations=1 (full 0):
 PSYoungGen      total 18944K, used 2554K [0x00000000ead80000, 0x00000000ec280000, 0x0000000100000000)
  eden space 16384K, 0% used [0x00000000ead80000,0x00000000ead80000,0x00000000ebd80000)
  from space 2560K, 99% used [0x00000000ebd80000,0x00000000ebffea30,0x00000000ec000000)
  to   space 2560K, 0% used [0x00000000ec000000,0x00000000ec000000,0x00000000ec280000)
 ParOldGen       total 44032K, used 1657K [0x00000000c0800000, 0x00000000c3300000, 0x00000000ead80000)
  object space 44032K, 3% used [0x00000000c0800000,0x00000000c099e6c8,0x00000000c3300000)
 Metaspace       used 7420K, capacity 7619K, committed 7680K, reserved 1056768K
  class space    used 679K, capacity 720K, committed 768K, reserved 1048576K
}

Deoptimization events (10 events):
Event: 1.906 Thread 0x0000000018896000 Uncommon trap: reason=class_check action=maybe_recompile pc=0x0000000002bff4c8 method=com.badlogic.gdx.assets.AssetLoadingTask.handleAsyncLoader()V @ 4
Event: 1.911 Thread 0x0000000018896000 Uncommon trap: reason=unstable_if action=reinterpret pc=0x0000000002bf0df0 method=com.badlogic.gdx.assets.AssetLoadingTask.handleAsyncLoader()V @ 12
Event: 1.921 Thread 0x0000000018896000 Uncommon trap: reason=unstable_if action=reinterpret pc=0x0000000002c02718 method=com.badlogic.gdx.assets.AssetLoadingTask.handleAsyncLoader()V @ 12
Event: 1.984 Thread 0x0000000018896000 Uncommon trap: reason=unstable_if action=reinterpret pc=0x0000000002c3354c method=java.util.concurrent.FutureTask.isDone()Z @ 4
Event: 1.984 Thread 0x0000000018896000 Uncommon trap: reason=unstable_if action=reinterpret pc=0x0000000002c39604 method=com.badlogic.gdx.assets.AssetManager.finishLoading()V @ 13
Event: 10.376 Thread 0x0000000018896000 Uncommon trap: reason=unstable_if action=reinterpret pc=0x0000000002d0cdb4 method=com.badlogic.gdx.utils.Array.iterator()Ljava/util/Iterator; @ 4
Event: 10.376 Thread 0x0000000018896000 Uncommon trap: reason=unstable_if action=reinterpret pc=0x0000000002cdc758 method=com.badlogic.gdx.utils.Array$ArrayIterable.iterator()Ljava/util/Iterator; @ 4
Event: 10.376 Thread 0x0000000018896000 Uncommon trap: reason=unstable_if action=reinterpret pc=0x0000000002cfa308 method=com.badlogic.gdx.physics.box2d.Body.getType()Lcom/badlogic/gdx/physics/box2d/BodyDef$BodyType; @ 19
Event: 10.376 Thread 0x0000000018896000 Uncommon trap: reason=unstable_if action=reinterpret pc=0x0000000002ceb124 method=com.badlogic.gdx.physics.box2d.Body.getType()Lcom/badlogic/gdx/physics/box2d/BodyDef$BodyType; @ 19
Event: 15.345 Thread 0x0000000018896000 Uncommon trap: reason=unstable_if action=reinterpret pc=0x0000000002d86cec method=com.darsan.game.charecters.Warrior.update(F)V @ 60

Classes redefined (0 events):
No events

Internal exceptions (10 events):
Event: 0.188 Thread 0x00000000028b3800 Exception <a 'java/security/PrivilegedActionException'> (0x00000000eb0001f8) thrown at [D:\src\AOSP-openjdk-cygwin\jdk8u\hotspot\src\share\vm\prims\jvm.cpp, line 1390]
Event: 0.188 Thread 0x00000000028b3800 Exception <a 'java/security/PrivilegedActionException'> (0x00000000eb000408) thrown at [D:\src\AOSP-openjdk-cygwin\jdk8u\hotspot\src\share\vm\prims\jvm.cpp, line 1390]
Event: 0.303 Thread 0x00000000028b3800 Exception <a 'java/security/PrivilegedActionException'> (0x00000000eb1189f0) thrown at [D:\src\AOSP-openjdk-cygwin\jdk8u\hotspot\src\share\vm\prims\jvm.cpp, line 1390]
Event: 0.303 Thread 0x00000000028b3800 Exception <a 'java/security/PrivilegedActionException'> (0x00000000eb11a6c8) thrown at [D:\src\AOSP-openjdk-cygwin\jdk8u\hotspot\src\share\vm\prims\jvm.cpp, line 1390]
Event: 0.303 Thread 0x00000000028b3800 Exception <a 'java/security/PrivilegedActionException'> (0x00000000eb11b838) thrown at [D:\src\AOSP-openjdk-cygwin\jdk8u\hotspot\src\share\vm\prims\jvm.cpp, line 1390]
Event: 0.303 Thread 0x00000000028b3800 Exception <a 'java/security/PrivilegedActionException'> (0x00000000eb1209a0) thrown at [D:\src\AOSP-openjdk-cygwin\jdk8u\hotspot\src\share\vm\prims\jvm.cpp, line 1390]
Event: 0.303 Thread 0x00000000028b3800 Exception <a 'java/security/PrivilegedActionException'> (0x00000000eb1215f8) thrown at [D:\src\AOSP-openjdk-cygwin\jdk8u\hotspot\src\share\vm\prims\jvm.cpp, line 1390]
Event: 0.303 Thread 0x00000000028b3800 Exception <a 'java/security/PrivilegedActionException'> (0x00000000eb122220) thrown at [D:\src\AOSP-openjdk-cygwin\jdk8u\hotspot\src\share\vm\prims\jvm.cpp, line 1390]
Event: 10.376 Thread 0x0000000018896000 Implicit null exception at 0x0000000002d0c900 to 0x0000000002d0cd8d
Event: 10.376 Thread 0x0000000018896000 Implicit null exception at 0x0000000002cdc6f0 to 0x0000000002cdc745

Events (10 events):
Event: 10.376 Thread 0x0000000018896000 DEOPT PACKING pc=0x0000000002cfa308 sp=0x000000001928efc0
Event: 10.376 Thread 0x0000000018896000 DEOPT UNPACKING pc=0x00000000029f557b sp=0x000000001928ef00 mode 2
Event: 10.376 Thread 0x0000000018896000 Uncommon trap: trap_request=0xffffff65 fr.pc=0x0000000002ceb124
Event: 10.376 Thread 0x0000000018896000 DEOPT PACKING pc=0x0000000002ceb124 sp=0x000000001928ef60
Event: 10.376 Thread 0x0000000018896000 DEOPT UNPACKING pc=0x00000000029f557b sp=0x000000001928eef8 mode 2
Event: 10.377 loading class java/util/ArrayList$Itr
Event: 10.377 loading class java/util/ArrayList$Itr done
Event: 15.345 Thread 0x0000000018896000 Uncommon trap: trap_request=0xffffff65 fr.pc=0x0000000002d86cec
Event: 15.345 Thread 0x0000000018896000 DEOPT PACKING pc=0x0000000002d86cec sp=0x000000001928f180
Event: 15.345 Thread 0x0000000018896000 DEOPT UNPACKING pc=0x00000000029f557b sp=0x000000001928f168 mode 2


Dynamic libraries:
0x00007ff6e4ee0000 - 0x00007ff6e4f11000 	C:\Program Files\Android\Android Studio\jre\bin\java.exe
0x00007ffbe5d90000 - 0x00007ffbe5f71000 	C:\WINDOWS\SYSTEM32\ntdll.dll
0x00007ffbe4a20000 - 0x00007ffbe4ad2000 	C:\WINDOWS\System32\KERNEL32.DLL
0x00007ffbe2160000 - 0x00007ffbe23d3000 	C:\WINDOWS\System32\KERNELBASE.dll
0x00007ffbe4ae0000 - 0x00007ffbe4b81000 	C:\WINDOWS\System32\ADVAPI32.dll
0x00007ffbe4810000 - 0x00007ffbe48ae000 	C:\WINDOWS\System32\msvcrt.dll
0x00007ffbe4e60000 - 0x00007ffbe4ebb000 	C:\WINDOWS\System32\sechost.dll
0x00007ffbe48c0000 - 0x00007ffbe49e4000 	C:\WINDOWS\System32\RPCRT4.dll
0x00007ffbe4ee0000 - 0x00007ffbe5070000 	C:\WINDOWS\System32\USER32.dll
0x00007ffbe31a0000 - 0x00007ffbe31c0000 	C:\WINDOWS\System32\win32u.dll
0x00007ffbe5210000 - 0x00007ffbe5238000 	C:\WINDOWS\System32\GDI32.dll
0x00007ffbe2460000 - 0x00007ffbe25f2000 	C:\WINDOWS\System32\gdi32full.dll
0x00007ffbe2840000 - 0x00007ffbe28df000 	C:\WINDOWS\System32\msvcp_win.dll
0x00007ffbe28e0000 - 0x00007ffbe29da000 	C:\WINDOWS\System32\ucrtbase.dll
0x00007ffbd8ee0000 - 0x00007ffbd9149000 	C:\WINDOWS\WinSxS\amd64_microsoft.windows.common-controls_6595b64144ccf1df_6.0.17134.345_none_fb429a5930656358\COMCTL32.dll
0x00007ffbe5a30000 - 0x00007ffbe5d53000 	C:\WINDOWS\System32\combase.dll
0x00007ffbe23e0000 - 0x00007ffbe245a000 	C:\WINDOWS\System32\bcryptPrimitives.dll
0x00007ffbe49f0000 - 0x00007ffbe4a1d000 	C:\WINDOWS\System32\IMM32.DLL
0x000000005a8b0000 - 0x000000005a982000 	C:\Program Files\Android\Android Studio\jre\jre\bin\msvcr100.dll
0x000000005a990000 - 0x000000005b1cf000 	C:\Program Files\Android\Android Studio\jre\jre\bin\server\jvm.dll
0x00007ffbe48b0000 - 0x00007ffbe48b8000 	C:\WINDOWS\System32\PSAPI.DLL
0x00007ffbdcb50000 - 0x00007ffbdcb5a000 	C:\WINDOWS\SYSTEM32\VERSION.dll
0x00007ffbdec70000 - 0x00007ffbdec93000 	C:\WINDOWS\SYSTEM32\WINMM.dll
0x00007ffbda4d0000 - 0x00007ffbda4d9000 	C:\WINDOWS\SYSTEM32\WSOCK32.dll
0x00007ffbe5240000 - 0x00007ffbe52ac000 	C:\WINDOWS\System32\WS2_32.dll
0x00007ffbdec40000 - 0x00007ffbdec6a000 	C:\WINDOWS\SYSTEM32\winmmbase.dll
0x00007ffbe27f0000 - 0x00007ffbe2839000 	C:\WINDOWS\System32\cfgmgr32.dll
0x00007ffbd8790000 - 0x00007ffbd879f000 	C:\Program Files\Android\Android Studio\jre\jre\bin\verify.dll
0x00007ffba1740000 - 0x00007ffba1769000 	C:\Program Files\Android\Android Studio\jre\jre\bin\java.dll
0x00007ffbd5dd0000 - 0x00007ffbd5de6000 	C:\Program Files\Android\Android Studio\jre\jre\bin\zip.dll
0x00007ffbe3370000 - 0x00007ffbe47af000 	C:\WINDOWS\System32\SHELL32.dll
0x00007ffbe4db0000 - 0x00007ffbe4e59000 	C:\WINDOWS\System32\shcore.dll
0x00007ffbe29e0000 - 0x00007ffbe30ed000 	C:\WINDOWS\System32\windows.storage.dll
0x00007ffbe47b0000 - 0x00007ffbe4801000 	C:\WINDOWS\System32\shlwapi.dll
0x00007ffbe20c0000 - 0x00007ffbe20d1000 	C:\WINDOWS\System32\kernel.appcore.dll
0x00007ffbe2140000 - 0x00007ffbe215f000 	C:\WINDOWS\System32\profapi.dll
0x00007ffbe20f0000 - 0x00007ffbe213c000 	C:\WINDOWS\System32\powrprof.dll
0x00007ffbe20e0000 - 0x00007ffbe20ea000 	C:\WINDOWS\System32\FLTLIB.DLL
0x0000000065ac0000 - 0x0000000065b26000 	C:\Users\Darsan\AppData\Local\Temp\libgdxDarsan\689f6d6a\gdx64.dll
0x00007ffbe1ae0000 - 0x00007ffbe1af7000 	C:\WINDOWS\SYSTEM32\CRYPTSP.dll
0x00007ffbe14a0000 - 0x00007ffbe14d3000 	C:\WINDOWS\system32\rsaenh.dll
0x00007ffbe1c00000 - 0x00007ffbe1c25000 	C:\WINDOWS\SYSTEM32\bcrypt.dll
0x00007ffbe1fd0000 - 0x00007ffbe1ff8000 	C:\WINDOWS\SYSTEM32\USERENV.dll
0x00007ffbe1ad0000 - 0x00007ffbe1adb000 	C:\WINDOWS\SYSTEM32\CRYPTBASE.dll
0x00007ffba0290000 - 0x00007ffba02aa000 	C:\Program Files\Android\Android Studio\jre\jre\bin\net.dll
0x00007ffbe1920000 - 0x00007ffbe1986000 	C:\WINDOWS\system32\mswsock.dll
0x00007ffbe16a0000 - 0x00007ffbe16d8000 	C:\WINDOWS\SYSTEM32\IPHLPAPI.DLL
0x00007ffbe5160000 - 0x00007ffbe5168000 	C:\WINDOWS\System32\NSI.dll
0x00007ffbdc900000 - 0x00007ffbdc916000 	C:\WINDOWS\SYSTEM32\dhcpcsvc6.DLL
0x00007ffbdc810000 - 0x00007ffbdc82a000 	C:\WINDOWS\SYSTEM32\dhcpcsvc.DLL
0x00007ffb9e280000 - 0x00007ffb9e291000 	C:\Program Files\Android\Android Studio\jre\jre\bin\nio.dll
0x0000000180000000 - 0x0000000180053000 	C:\Users\Darsan\AppData\Local\Temp\libgdxDarsan\dc0f0009\lwjgl64.dll
0x00007ffb95e90000 - 0x00007ffb95fb0000 	C:\WINDOWS\SYSTEM32\OPENGL32.dll
0x00007ffb9d2d0000 - 0x00007ffb9d2fc000 	C:\WINDOWS\SYSTEM32\GLU32.dll
0x00000000027b0000 - 0x0000000002814000 	C:\Users\Darsan\AppData\Local\Temp\libgdxDarsan\dc0f0009\OpenAL64.dll
0x00007ffbe4c50000 - 0x00007ffbe4da1000 	C:\WINDOWS\System32\ole32.dll
0x00007ffbe03e0000 - 0x00007ffbe0478000 	C:\WINDOWS\system32\uxtheme.dll
0x00007ffbe5170000 - 0x00007ffbe5210000 	C:\WINDOWS\System32\clbcatq.dll
0x00007ffbe0ba0000 - 0x00007ffbe0d54000 	C:\WINDOWS\System32\PROPSYS.dll
0x00007ffbe32a0000 - 0x00007ffbe3362000 	C:\WINDOWS\System32\OLEAUT32.dll
0x00007ffb9c500000 - 0x00007ffb9c58f000 	C:\WINDOWS\SYSTEM32\dsound.dll
0x00007ffbdb490000 - 0x00007ffbdb506000 	C:\WINDOWS\System32\MMDevApi.dll
0x00007ffbe1eb0000 - 0x00007ffbe1ed7000 	C:\WINDOWS\System32\DEVOBJ.dll
0x00007ffba5710000 - 0x00007ffba583c000 	C:\WINDOWS\SYSTEM32\AUDIOSES.DLL
0x00007ffbdcfa0000 - 0x00007ffbdd0ed000 	C:\WINDOWS\SYSTEM32\wintypes.dll
0x00007ffbdd770000 - 0x00007ffbdd77a000 	C:\WINDOWS\SYSTEM32\AVRT.dll
0x00007ffbe58b0000 - 0x00007ffbe5a24000 	C:\WINDOWS\System32\MSCTF.dll
0x00007ffbe0560000 - 0x00007ffbe0589000 	C:\WINDOWS\system32\dwmapi.dll
0x00007ffbd3af0000 - 0x00007ffbd3b87000 	C:\WINDOWS\System32\TextInputFramework.dll
0x00007ffbdd130000 - 0x00007ffbdd44e000 	C:\WINDOWS\System32\CoreUIComponents.dll
0x00007ffbdfc20000 - 0x00007ffbdfcfa000 	C:\WINDOWS\System32\CoreMessaging.dll
0x00007ffbe1190000 - 0x00007ffbe11c1000 	C:\WINDOWS\SYSTEM32\ntmarta.dll
0x0000000057650000 - 0x0000000059c2d000 	C:\WINDOWS\System32\DriverStore\FileRepository\nv_dispi.inf_amd64_2607ccebc5b08aba\nvoglv64.dll
0x00007ffbe5460000 - 0x00007ffbe58ab000 	C:\WINDOWS\System32\SETUPAPI.dll
0x00007ffbde6b0000 - 0x00007ffbde6c3000 	C:\WINDOWS\SYSTEM32\WTSAPI32.dll
0x00007ffbe31c0000 - 0x00007ffbe3217000 	C:\WINDOWS\System32\WINTRUST.dll
0x00007ffbe20a0000 - 0x00007ffbe20b2000 	C:\WINDOWS\System32\MSASN1.dll
0x00007ffbe2600000 - 0x00007ffbe27e2000 	C:\WINDOWS\System32\CRYPT32.dll
0x00007ffb78570000 - 0x00007ffb787f8000 	C:\WINDOWS\system32\nvspcap64.dll
0x00007ffbda7e0000 - 0x00007ffbda888000 	C:\WINDOWS\SYSTEM32\mscms.dll
0x00007ffbdecf0000 - 0x00007ffbded00000 	C:\WINDOWS\SYSTEM32\ColorAdapterClient.dll
0x00007ffb9d4d0000 - 0x00007ffb9d513000 	C:\WINDOWS\SYSTEM32\icm32.dll
0x00007ffbe1540000 - 0x00007ffbe1596000 	C:\WINDOWS\SYSTEM32\WINSTA.dll
0x000000006e9c0000 - 0x000000006ea4c000 	C:\Users\Darsan\AppData\Local\Temp\libgdxDarsan\7da55056\gdx-box2d64.dll
0x00007ffbcef50000 - 0x00007ffbcf119000 	C:\WINDOWS\SYSTEM32\dbghelp.dll

VM Arguments:
jvm_args: -Dfile.encoding=windows-1252 -Duser.country=US -Duser.language=en -Duser.variant 
java_command: com.darsan.game.desktop.DesktopLauncher
java_class_path (initial): D:\mystuff\the smith\desktop\build\classes\java\main;D:\mystuff\the smith\desktop\build\resources\main;D:\mystuff\the smith\core\build\libs\core-1.0.jar;C:\Users\Darsan\.gradle\caches\modules-2\files-2.1\com.badlogicgames.gdx\gdx-tools\1.9.9\55228989f0479dd4bbe487766eda15e5d512c51e\gdx-tools-1.9.9.jar;C:\Users\Darsan\.gradle\caches\modules-2\files-2.1\com.badlogicgames.gdx\gdx-backend-lwjgl\1.9.9\ca8911cb94c0bfeb59f99e46ca9b92440958fb0e\gdx-backend-lwjgl-1.9.9.jar;C:\Users\Darsan\.gradle\caches\modules-2\files-2.1\com.badlogicgames.gdx\gdx-platform\1.9.9\7e644cfafdb436b13b24ac7993ffab17f306b64d\gdx-platform-1.9.9-natives-desktop.jar;C:\Users\Darsan\.gradle\caches\modules-2\files-2.1\com.badlogicgames.gdx\gdx-box2d-platform\1.9.9\72b2916f45f3f948896eda931cd597f7e698340f\gdx-box2d-platform-1.9.9-natives-desktop.jar;C:\Users\Darsan\.gradle\caches\modules-2\files-2.1\com.badlogicgames.gdx\gdx-controllers-desktop\1.9.9\d4b8b62f077382db145e7a94a27a994b68ce6ee\gdx-controllers-desktop-1.9.9.jar;C:\Users\Darsan\.gradle\caches\modules-2\files-2.1\com.badlogicgames.gdx\gdx-controllers-platform\1.9.9\26b8735060fdfd7dc6529cf5085fa57144a349d9\gdx-controllers-platform-1.9.9-natives-desktop.jar;C:\Users\Darsan\.gradle\caches\modules-2\files-2.1\com.badlogicgames.gdx\gdx-controllers\1.9.9\55b69a040e076b17d01a5057f9cb2ce338a3331a\gdx-controllers-1.9.9.jar;C:\Users\Darsan\.gradle\caches\modules-2\files-2.1\com.badlogicgames.ashley\ashley\1.7.0\a7c4083c0a42027a3c03ba7ccecef6cbe1c5f0a4\ashley-1.7.0.jar;C:\Users\Darsan\.gradle\caches\modules-2\files-2.1\com.badlogicgames.gdx\gdx-ai\1.8.0\ec30677d8ab1a8b8aa4b853c5f4e4b1361f50bf5\gdx-ai-1.8.0.jar;C:\Users\Darsan\.gradle\caches\modules-2\files-2.1\com.badlogicgames.gdx\gdx-backend-headless\1.9.9\657d1d232f274162eb8fd600a137b2221f2fc9c\gdx-backend-headless-1.9.9.jar;C:\Users\Darsan\.gradle\caches\modules-2\files-2.1\com.badlogicgames.gdx\gdx-freetype\1.9.9\d947872087863b654d9a0e27a8cb10a29d6fd3d6\gdx-freetype-1.9
Launcher Type: SUN_STANDARD

Environment Variables:
PATH=C:\Program Files (x86)\Common Files\Oracle\Java\javapath;C:\ProgramData\Oracle\Java\javapath;C:\Program Files (x86)\Razer Chroma SDK\bin;C:\Program Files\Razer Chroma SDK\bin;C:\Windows\system32;C:\Windows;C:\Windows\System32\Wbem;C:\Windows\System32\WindowsPowerShell\v1.0\;C:\Users\Darsan\AppData\Local\Microsoft\WindowsApps;C:\Program Files (x86)\GtkSharp\2.12\bin;C:\Program Files\Microsoft SQL Server\Client SDK\ODBC\130\Tools\Binn\;C:\Program Files (x86)\Microsoft SQL Server\130\Tools\Binn\;C:\Program Files\Microsoft SQL Server\130\Tools\Binn\;C:\Program Files\Microsoft SQL Server\130\DTS\Binn\;C:\Program Files (x86)\Microsoft SQL Server\140\Tools\Binn\;C:\Program Files\Microsoft SQL Server\140\Tools\Binn\;C:\Program Files\Microsoft SQL Server\140\DTS\Binn\;C:\Program Files (x86)\Microsoft SQL Server\Client SDK\ODBC\130\Tools\Binn\;C:\Program Files (x86)\Microsoft SQL Server\140\DTS\Binn\;C:\Program Files (x86)\Microsoft SQL Server\140\Tools\Binn\ManagementStudio\;C:\WINDOWS\system32;C:\WINDOWS;C:\WINDOWS\System32\Wbem;C:\WINDOWS\System32\WindowsPowerShell\v1.0\;C:\WINDOWS\System32\OpenSSH\;C:\Program Files (x86)\NVIDIA Corporation\PhysX\Common;C:\Users\Darsan\AppData\Local\Microsoft\WindowsApps;
USERNAME=Darsan
OS=Windows_NT
PROCESSOR_IDENTIFIER=Intel64 Family 6 Model 58 Stepping 9, GenuineIntel



---------------  S Y S T E M  ---------------

OS: Windows 10.0 , 64 bit Build 17134 (10.0.17134.1)

CPU:total 8 (initial active 8) (4 cores per cpu, 2 threads per core) family 6 model 58 stepping 9, cmov, cx8, fxsr, mmx, sse, sse2, sse3, ssse3, sse4.1, sse4.2, popcnt, avx, aes, clmul, erms, ht, tsc, tscinvbit, tscinv

Memory: 4k page, physical 4154460k(668264k free), swap 10676664k(1681056k free)

vm_info: OpenJDK 64-Bit Server VM (25.152-b02) for windows-amd64 JRE (1.8.0_152-release-1024-b02), built by "builder" with MS VC++ 10.0 (VS2010)

time: Thu Mar 14 17:35:53 2019
elapsed time: 43 seconds (0d 0h 0m 43s)

