#
# A fatal error has been detected by the Java Runtime Environment:
#
#  EXCEPTION_ACCESS_VIOLATION (0xc0000005) at pc=0x000000006e9cbbb1, pid=13376, tid=0x0000000000003f10
#
# JRE version: OpenJDK Runtime Environment (8.0_152-b02) (build 1.8.0_152-release-1024-b02)
# Java VM: OpenJDK 64-Bit Server VM (25.152-b02 mixed mode windows-amd64 compressed oops)
# Problematic frame:
# C  [gdx-box2d64.dll+0xbbb1]
#
# Failed to write core dump. Minidumps are not enabled by default on client versions of Windows
#
# If you would like to submit a bug report, please visit:
#   http://bugreport.java.com/bugreport/crash.jsp
# The crash happened outside the Java Virtual Machine in native code.
# See problematic frame for where to report the bug.
#

---------------  T H R E A D  ---------------

Current thread (0x0000000017a75800):  JavaThread "LWJGL Application" [_thread_in_native, id=16144, stack(0x0000000018de0000,0x0000000018ee0000)]

siginfo: ExceptionCode=0xc0000005, reading address 0x00000020184e82b0

Registers:
RAX=0x000000006ea10060, RBX=0x00000020184e82b0, RCX=0x0000000021988c10, RDX=0x00000000000000b8
RSP=0x0000000018ededf0, RBP=0x0000000021988c40, RSI=0x0000000021988c10, RDI=0x0000000018edeeb0
R8 =0x0000000021988c10, R9 =0x0000000000000001, R10=0x0000000000000000, R11=0x0000000000000001
R12=0x0000000000000000, R13=0x0000000000000006, R14=0x0000000018edf0a0, R15=0x0000000017a75800
RIP=0x000000006e9cbbb1, EFLAGS=0x0000000000010202

Top of Stack: (sp=0x0000000018ededf0)
0x0000000018ededf0:   0000000015468f80 0000000017a75800
0x0000000018edee00:   00000000757df5d8 00000000194ac710
0x0000000018edee10:   0000000000000001 0000000021988c10
0x0000000018edee20:   0000000018edeeb0 0000000018edeff8
0x0000000018edee30:   0000000000000000 0000000015468f80
0x0000000018edee40:   0000000018edf0a0 000000006e9e1163
0x0000000018edee50:   0000000018edeef0 0000000018edeef0
0x0000000018edee60:   0000000000000003 0000000015468f80
0x0000000018edee70:   0000000000000001 0000000014da0480
0x0000000018edee80:   0000000000091f90 000000006e9e6a36
0x0000000018edee90:   0000000000000000 0000000000091f90
0x0000000018edeea0:   0000000018edeff8 0000000002cc54d8
0x0000000018edeeb0:   420651c100000001 000000004053d958
0x0000000018edeec0:   0000000000000000 0000000000000000
0x0000000018edeed0:   0100010100000000 0000000018edf001
0x0000000018edeee0:   0000000000000000 000000003f800000 

Instructions: (pc=0x000000006e9cbbb1)
0x000000006e9cbb91:   05 ca 44 04 00 44 0f b6 2c 18 41 80 fd 0d 4c 89
0x000000006e9cbba1:   eb 77 2c 48 8d 2c de 48 8b 5d 10 48 85 db 74 45
0x000000006e9cbbb1:   48 8b 03 48 89 45 10 48 89 d8 48 83 c4 20 5b 5e
0x000000006e9cbbc1:   5f 5d 41 5c 41 5d 41 5e c3 66 0f 1f 44 00 00 48 


Register to memory mapping:

RAX=0x000000006ea10060 is an unknown value
RBX=0x00000020184e82b0 is an unknown value
RCX=0x0000000021988c10 is an unknown value
RDX=0x00000000000000b8 is an unknown value
RSP=0x0000000018ededf0 is pointing into the stack for thread: 0x0000000017a75800
RBP=0x0000000021988c40 is an unknown value
RSI=0x0000000021988c10 is an unknown value
RDI=0x0000000018edeeb0 is pointing into the stack for thread: 0x0000000017a75800
R8 =0x0000000021988c10 is an unknown value
R9 =0x0000000000000001 is an unknown value
R10=0x0000000000000000 is an unknown value
R11=0x0000000000000001 is an unknown value
R12=0x0000000000000000 is an unknown value
R13=0x0000000000000006 is an unknown value
R14=0x0000000018edf0a0 is pointing into the stack for thread: 0x0000000017a75800
R15=0x0000000017a75800 is a thread


Stack: [0x0000000018de0000,0x0000000018ee0000],  sp=0x0000000018ededf0,  free space=1019k
Native frames: (J=compiled Java code, j=interpreted, Vv=VM code, C=native code)
C  [gdx-box2d64.dll+0xbbb1]
C  [gdx-box2d64.dll+0x21163]
C  [gdx-box2d64.dll+0x26a36]
C  0x0000000002cd89a7

Java frames: (J=compiled Java code, j=interpreted, Vv=VM code)
j  com.badlogic.gdx.physics.box2d.World.jniCreateBody(JIFFFFFFFFZZZZZF)J+0
j  com.badlogic.gdx.physics.box2d.World.createBody(Lcom/badlogic/gdx/physics/box2d/BodyDef;)Lcom/badlogic/gdx/physics/box2d/Body;+80
j  com.darsan.game.spells.ShadowBall.defineBody(Lcom/badlogic/gdx/math/Vector2;)V+35
j  com.darsan.game.spells.ShadowBall.<init>(Lcom/darsan/game/Game/MainGameScreen;Lcom/badlogic/gdx/math/Vector2;)V+28
j  com.darsan.game.charecters.Myhero.keyDown(I)Z+99
J 1015 C1 com.badlogic.gdx.backends.lwjgl.LwjglInput.processEvents()V (478 bytes) @ 0x0000000003083454 [0x0000000003082de0+0x674]
j  com.badlogic.gdx.backends.lwjgl.LwjglApplication.mainLoop()V+600
j  com.badlogic.gdx.backends.lwjgl.LwjglApplication$1.run()V+27
v  ~StubRoutines::call_stub

---------------  P R O C E S S  ---------------

Java Threads: ( => current thread )
  0x000000001948a000 JavaThread "AsynchExecutor-Thread" daemon [_thread_blocked, id=12552, stack(0x0000000021860000,0x0000000021960000)]
  0x00000000193b0000 JavaThread "LWJGL Timer" daemon [_thread_blocked, id=13988, stack(0x0000000021760000,0x0000000021860000)]
  0x0000000002bc3800 JavaThread "DestroyJavaVM" [_thread_blocked, id=12596, stack(0x0000000002ac0000,0x0000000002bc0000)]
=>0x0000000017a75800 JavaThread "LWJGL Application" [_thread_in_native, id=16144, stack(0x0000000018de0000,0x0000000018ee0000)]
  0x0000000017758800 JavaThread "Service Thread" daemon [_thread_blocked, id=8124, stack(0x0000000018270000,0x0000000018370000)]
  0x00000000176b0000 JavaThread "C1 CompilerThread3" daemon [_thread_blocked, id=10064, stack(0x0000000018170000,0x0000000018270000)]
  0x00000000176ad000 JavaThread "C2 CompilerThread2" daemon [_thread_blocked, id=11144, stack(0x0000000018070000,0x0000000018170000)]
  0x00000000176ab800 JavaThread "C2 CompilerThread1" daemon [_thread_blocked, id=15856, stack(0x0000000017f70000,0x0000000018070000)]
  0x00000000176b6800 JavaThread "C2 CompilerThread0" daemon [_thread_blocked, id=7044, stack(0x0000000017e70000,0x0000000017f70000)]
  0x00000000176b5800 JavaThread "Attach Listener" daemon [_thread_blocked, id=4324, stack(0x0000000017d70000,0x0000000017e70000)]
  0x00000000176b4800 JavaThread "Signal Dispatcher" daemon [_thread_blocked, id=14152, stack(0x0000000017c70000,0x0000000017d70000)]
  0x00000000176a0800 JavaThread "Finalizer" daemon [_thread_blocked, id=12536, stack(0x0000000017a80000,0x0000000017b80000)]
  0x000000001578b800 JavaThread "Reference Handler" daemon [_thread_blocked, id=11024, stack(0x0000000017580000,0x0000000017680000)]

Other Threads:
  0x0000000015785800 VMThread [stack: 0x0000000017480000,0x0000000017580000] [id=15932]
  0x0000000017759000 WatcherThread [stack: 0x0000000018370000,0x0000000018470000] [id=1796]

VM state:not at safepoint (normal execution)

VM Mutex/Monitor currently owned by a thread: None

Heap:
 PSYoungGen      total 18944K, used 9244K [0x00000000ead80000, 0x00000000ec280000, 0x0000000100000000)
  eden space 16384K, 40% used [0x00000000ead80000,0x00000000eb40cf20,0x00000000ebd80000)
  from space 2560K, 99% used [0x00000000ebd80000,0x00000000ebffa110,0x00000000ec000000)
  to   space 2560K, 0% used [0x00000000ec000000,0x00000000ec000000,0x00000000ec280000)
 ParOldGen       total 44032K, used 1703K [0x00000000c0800000, 0x00000000c3300000, 0x00000000ead80000)
  object space 44032K, 3% used [0x00000000c0800000,0x00000000c09a9d70,0x00000000c3300000)
 Metaspace       used 8063K, capacity 8227K, committed 8448K, reserved 1056768K
  class space    used 723K, capacity 752K, committed 768K, reserved 1048576K

Card table byte_map: [0x0000000012080000,0x0000000012280000] byte_map_base: 0x0000000011a7c000

Marking Bits: (ParMarkBitMap*) 0x00000000759a4970
 Begin Bits: [0x0000000012be0000, 0x0000000013bc0000)
 End Bits:   [0x0000000013bc0000, 0x0000000014ba0000)

Polling page: 0x00000000011a0000

CodeCache: size=245760Kb used=4277Kb max_used=4288Kb free=241482Kb
 bounds [0x0000000002cc0000, 0x0000000003100000, 0x0000000011cc0000]
 total_blobs=1571 nmethods=1089 adapters=396
 compilation: enabled

Compilation events (10 events):
Event: 20.333 Thread 0x00000000176b0000 1085       3       java.nio.CharBuffer::arrayOffset (35 bytes)
Event: 20.334 Thread 0x00000000176b0000 nmethod 1085 0x00000000030edb90 code [0x00000000030edd20, 0x00000000030ee038]
Event: 20.417 Thread 0x00000000176ab800 1086       4       com.badlogic.gdx.graphics.g2d.SpriteBatch::begin (65 bytes)
Event: 20.417 Thread 0x00000000176ad000 1087       4       com.badlogic.gdx.graphics.g2d.SpriteBatch::setupMatrices (76 bytes)
Event: 20.430 Thread 0x00000000176ad000 nmethod 1087 0x00000000030f04d0 code [0x00000000030f06c0, 0x00000000030f1290]
Event: 20.433 Thread 0x00000000176ab800 nmethod 1086 0x00000000030f2a50 code [0x00000000030f2ca0, 0x00000000030f3b90]
Event: 20.718 Thread 0x00000000176b6800 1088       4       com.badlogic.gdx.graphics.g2d.SpriteBatch::end (90 bytes)
Event: 20.722 Thread 0x00000000176b6800 nmethod 1088 0x00000000030ee310 code [0x00000000030ee4c0, 0x00000000030ee870]
Event: 22.407 Thread 0x00000000176ad000 1089       4       com.badlogic.gdx.physics.box2d.Body::getWorldCenter (43 bytes)
Event: 22.408 Thread 0x00000000176ad000 nmethod 1089 0x00000000030ed850 code [0x00000000030ed9a0, 0x00000000030eda88]

GC Heap History (2 events):
Event: 2.029 GC heap before
{Heap before GC invocations=1 (full 0):
 PSYoungGen      total 18944K, used 16384K [0x00000000ead80000, 0x00000000ec280000, 0x0000000100000000)
  eden space 16384K, 100% used [0x00000000ead80000,0x00000000ebd80000,0x00000000ebd80000)
  from space 2560K, 0% used [0x00000000ec000000,0x00000000ec000000,0x00000000ec280000)
  to   space 2560K, 0% used [0x00000000ebd80000,0x00000000ebd80000,0x00000000ec000000)
 ParOldGen       total 44032K, used 0K [0x00000000c0800000, 0x00000000c3300000, 0x00000000ead80000)
  object space 44032K, 0% used [0x00000000c0800000,0x00000000c0800000,0x00000000c3300000)
 Metaspace       used 7424K, capacity 7683K, committed 7936K, reserved 1056768K
  class space    used 679K, capacity 720K, committed 768K, reserved 1048576K
Event: 2.034 GC heap after
Heap after GC invocations=1 (full 0):
 PSYoungGen      total 18944K, used 2536K [0x00000000ead80000, 0x00000000ec280000, 0x0000000100000000)
  eden space 16384K, 0% used [0x00000000ead80000,0x00000000ead80000,0x00000000ebd80000)
  from space 2560K, 99% used [0x00000000ebd80000,0x00000000ebffa110,0x00000000ec000000)
  to   space 2560K, 0% used [0x00000000ec000000,0x00000000ec000000,0x00000000ec280000)
 ParOldGen       total 44032K, used 1703K [0x00000000c0800000, 0x00000000c3300000, 0x00000000ead80000)
  object space 44032K, 3% used [0x00000000c0800000,0x00000000c09a9d70,0x00000000c3300000)
 Metaspace       used 7424K, capacity 7683K, committed 7936K, reserved 1056768K
  class space    used 679K, capacity 720K, committed 768K, reserved 1048576K
}

Deoptimization events (10 events):
Event: 2.018 Thread 0x0000000017a75800 Uncommon trap: reason=unstable_if action=reinterpret pc=0x0000000002f105fc method=com.badlogic.gdx.assets.AssetLoadingTask.handleAsyncLoader()V @ 12
Event: 2.057 Thread 0x000000001948a000 Uncommon trap: reason=predicate action=maybe_recompile pc=0x0000000002f3bc04 method=com.badlogic.gdx.maps.tiled.TiledMapTileSets.getTile(I)Lcom/badlogic/gdx/maps/tiled/TiledMapTile; @ 14
Event: 2.077 Thread 0x0000000017a75800 Uncommon trap: reason=unstable_if action=reinterpret pc=0x0000000002f42068 method=com.badlogic.gdx.assets.AssetLoadingTask.handleAsyncLoader()V @ 230
Event: 2.077 Thread 0x0000000017a75800 Uncommon trap: reason=unstable_if action=reinterpret pc=0x0000000002f403c4 method=com.badlogic.gdx.assets.AssetManager.finishLoading()V @ 13
Event: 9.814 Thread 0x0000000017a75800 Uncommon trap: reason=unstable_if action=reinterpret pc=0x00000000030148f8 method=com.badlogic.gdx.utils.Array.iterator()Ljava/util/Iterator; @ 4
Event: 9.814 Thread 0x0000000017a75800 Uncommon trap: reason=unstable_if action=reinterpret pc=0x0000000003009f58 method=com.badlogic.gdx.utils.Array$ArrayIterable.iterator()Ljava/util/Iterator; @ 4
Event: 9.814 Thread 0x0000000017a75800 Uncommon trap: reason=unstable_if action=reinterpret pc=0x0000000002fef3a8 method=com.badlogic.gdx.physics.box2d.Body.getType()Lcom/badlogic/gdx/physics/box2d/BodyDef$BodyType; @ 19
Event: 9.814 Thread 0x0000000017a75800 Uncommon trap: reason=unstable_if action=reinterpret pc=0x0000000002fcbde4 method=com.badlogic.gdx.physics.box2d.Body.getType()Lcom/badlogic/gdx/physics/box2d/BodyDef$BodyType; @ 19
Event: 9.814 Thread 0x0000000017a75800 Uncommon trap: reason=unstable_if action=reinterpret pc=0x0000000002ffe590 method=com.badlogic.gdx.physics.box2d.Fixture.getShape()Lcom/badlogic/gdx/physics/box2d/Shape; @ 4
Event: 11.034 Thread 0x0000000017a75800 Uncommon trap: reason=unstable_if action=reinterpret pc=0x0000000002f91818 method=com.badlogic.gdx.physics.box2d.Fixture.getShape()Lcom/badlogic/gdx/physics/box2d/Shape; @ 4

Classes redefined (0 events):
No events

Internal exceptions (10 events):
Event: 0.153 Thread 0x0000000002bc3800 Exception <a 'java/security/PrivilegedActionException'> (0x00000000eb000408) thrown at [D:\src\AOSP-openjdk-cygwin\jdk8u\hotspot\src\share\vm\prims\jvm.cpp, line 1390]
Event: 0.267 Thread 0x0000000002bc3800 Exception <a 'java/security/PrivilegedActionException'> (0x00000000eb116e90) thrown at [D:\src\AOSP-openjdk-cygwin\jdk8u\hotspot\src\share\vm\prims\jvm.cpp, line 1390]
Event: 0.267 Thread 0x0000000002bc3800 Exception <a 'java/security/PrivilegedActionException'> (0x00000000eb118b68) thrown at [D:\src\AOSP-openjdk-cygwin\jdk8u\hotspot\src\share\vm\prims\jvm.cpp, line 1390]
Event: 0.267 Thread 0x0000000002bc3800 Exception <a 'java/security/PrivilegedActionException'> (0x00000000eb119cd8) thrown at [D:\src\AOSP-openjdk-cygwin\jdk8u\hotspot\src\share\vm\prims\jvm.cpp, line 1390]
Event: 0.268 Thread 0x0000000002bc3800 Exception <a 'java/security/PrivilegedActionException'> (0x00000000eb11ee40) thrown at [D:\src\AOSP-openjdk-cygwin\jdk8u\hotspot\src\share\vm\prims\jvm.cpp, line 1390]
Event: 0.268 Thread 0x0000000002bc3800 Exception <a 'java/security/PrivilegedActionException'> (0x00000000eb11fa98) thrown at [D:\src\AOSP-openjdk-cygwin\jdk8u\hotspot\src\share\vm\prims\jvm.cpp, line 1390]
Event: 0.268 Thread 0x0000000002bc3800 Exception <a 'java/security/PrivilegedActionException'> (0x00000000eb1206c0) thrown at [D:\src\AOSP-openjdk-cygwin\jdk8u\hotspot\src\share\vm\prims\jvm.cpp, line 1390]
Event: 9.814 Thread 0x0000000017a75800 Implicit null exception at 0x0000000003014440 to 0x00000000030148d1
Event: 9.814 Thread 0x0000000017a75800 Implicit null exception at 0x0000000003009ef0 to 0x0000000003009f45
Event: 9.814 Thread 0x0000000017a75800 Implicit null exception at 0x0000000002ffbcfc to 0x0000000002ffe571

Events (10 events):
Event: 9.814 Thread 0x0000000017a75800 Uncommon trap: trap_request=0xffffff65 fr.pc=0x0000000002ffe590
Event: 9.814 Thread 0x0000000017a75800 DEOPT PACKING pc=0x0000000002ffe590 sp=0x0000000018edee20
Event: 9.814 Thread 0x0000000017a75800 DEOPT UNPACKING pc=0x0000000002d0557b sp=0x0000000018eded70 mode 2
Event: 9.814 loading class java/util/ArrayList$Itr
Event: 9.814 loading class java/util/ArrayList$Itr done
Event: 11.034 Thread 0x0000000017a75800 Uncommon trap: trap_request=0xffffff65 fr.pc=0x0000000002f91818
Event: 11.034 Thread 0x0000000017a75800 DEOPT PACKING pc=0x0000000002f91818 sp=0x0000000018edecd0
Event: 11.034 Thread 0x0000000017a75800 DEOPT UNPACKING pc=0x0000000002d0557b sp=0x0000000018edec58 mode 2
Event: 13.861 Thread 0x0000000017a75800 DEOPT PACKING pc=0x000000000300beb3 sp=0x0000000018edefa0
Event: 13.861 Thread 0x0000000017a75800 DEOPT UNPACKING pc=0x0000000002d075d0 sp=0x0000000018eded60 mode 0


Dynamic libraries:
0x00007ff778a00000 - 0x00007ff778a31000 	C:\Program Files\Android\Android Studio\jre\bin\java.exe
0x00007fff73880000 - 0x00007fff73a61000 	C:\WINDOWS\SYSTEM32\ntdll.dll
0x00007fff735a0000 - 0x00007fff73652000 	C:\WINDOWS\System32\KERNEL32.DLL
0x00007fff6fc50000 - 0x00007fff6fec3000 	C:\WINDOWS\System32\KERNELBASE.dll
0x00007fff71d10000 - 0x00007fff71db1000 	C:\WINDOWS\System32\ADVAPI32.dll
0x00007fff734e0000 - 0x00007fff7357e000 	C:\WINDOWS\System32\msvcrt.dll
0x00007fff70e00000 - 0x00007fff70e5b000 	C:\WINDOWS\System32\sechost.dll
0x00007fff71dc0000 - 0x00007fff71ee4000 	C:\WINDOWS\System32\RPCRT4.dll
0x00007fff73660000 - 0x00007fff737f0000 	C:\WINDOWS\System32\USER32.dll
0x00007fff70250000 - 0x00007fff70270000 	C:\WINDOWS\System32\win32u.dll
0x00007fff719c0000 - 0x00007fff719e8000 	C:\WINDOWS\System32\GDI32.dll
0x00007fff70ad0000 - 0x00007fff70c62000 	C:\WINDOWS\System32\gdi32full.dll
0x00007fff70c70000 - 0x00007fff70d0f000 	C:\WINDOWS\System32\msvcp_win.dll
0x00007fff70270000 - 0x00007fff7036a000 	C:\WINDOWS\System32\ucrtbase.dll
0x00007fff67900000 - 0x00007fff67b69000 	C:\WINDOWS\WinSxS\amd64_microsoft.windows.common-controls_6595b64144ccf1df_6.0.17134.345_none_fb429a5930656358\COMCTL32.dll
0x00007fff71020000 - 0x00007fff71343000 	C:\WINDOWS\System32\combase.dll
0x00007fff700c0000 - 0x00007fff7013a000 	C:\WINDOWS\System32\bcryptPrimitives.dll
0x00007fff734b0000 - 0x00007fff734dd000 	C:\WINDOWS\System32\IMM32.DLL
0x0000000075cb0000 - 0x0000000075d82000 	C:\Program Files\Android\Android Studio\jre\jre\bin\msvcr100.dll
0x00000000751e0000 - 0x0000000075a1f000 	C:\Program Files\Android\Android Studio\jre\jre\bin\server\jvm.dll
0x00007fff71cf0000 - 0x00007fff71cf8000 	C:\WINDOWS\System32\PSAPI.DLL
0x00007fff6c6e0000 - 0x00007fff6c6e9000 	C:\WINDOWS\SYSTEM32\WSOCK32.dll
0x00007fff6a750000 - 0x00007fff6a75a000 	C:\WINDOWS\SYSTEM32\VERSION.dll
0x00007fff6c760000 - 0x00007fff6c783000 	C:\WINDOWS\SYSTEM32\WINMM.dll
0x00007fff71c20000 - 0x00007fff71c8c000 	C:\WINDOWS\System32\WS2_32.dll
0x00007fff6c730000 - 0x00007fff6c75a000 	C:\WINDOWS\SYSTEM32\winmmbase.dll
0x00007fff70a80000 - 0x00007fff70ac9000 	C:\WINDOWS\System32\cfgmgr32.dll
0x00007fff63550000 - 0x00007fff6355f000 	C:\Program Files\Android\Android Studio\jre\jre\bin\verify.dll
0x00007fff2fa90000 - 0x00007fff2fab9000 	C:\Program Files\Android\Android Studio\jre\jre\bin\java.dll
0x00007fff301b0000 - 0x00007fff301c6000 	C:\Program Files\Android\Android Studio\jre\jre\bin\zip.dll
0x00007fff71ef0000 - 0x00007fff7332f000 	C:\WINDOWS\System32\SHELL32.dll
0x00007fff73330000 - 0x00007fff733d9000 	C:\WINDOWS\System32\shcore.dll
0x00007fff70370000 - 0x00007fff70a7d000 	C:\WINDOWS\System32\windows.storage.dll
0x00007fff70fc0000 - 0x00007fff71011000 	C:\WINDOWS\System32\shlwapi.dll
0x00007fff6fc10000 - 0x00007fff6fc21000 	C:\WINDOWS\System32\kernel.appcore.dll
0x00007fff6fc30000 - 0x00007fff6fc4f000 	C:\WINDOWS\System32\profapi.dll
0x00007fff6fbc0000 - 0x00007fff6fc0c000 	C:\WINDOWS\System32\powrprof.dll
0x00007fff6fb90000 - 0x00007fff6fb9a000 	C:\WINDOWS\System32\FLTLIB.DLL
0x0000000065ac0000 - 0x0000000065b26000 	C:\Users\Darsan\AppData\Local\Temp\libgdxDarsan\689f6d6a\gdx64.dll
0x00007fff6f5c0000 - 0x00007fff6f5d7000 	C:\WINDOWS\SYSTEM32\CRYPTSP.dll
0x00007fff6ef90000 - 0x00007fff6efc3000 	C:\WINDOWS\system32\rsaenh.dll
0x00007fff6f6f0000 - 0x00007fff6f715000 	C:\WINDOWS\SYSTEM32\bcrypt.dll
0x00007fff6fa90000 - 0x00007fff6fab8000 	C:\WINDOWS\SYSTEM32\USERENV.dll
0x00007fff6f5e0000 - 0x00007fff6f5eb000 	C:\WINDOWS\SYSTEM32\CRYPTBASE.dll
0x00007fff2f140000 - 0x00007fff2f15a000 	C:\Program Files\Android\Android Studio\jre\jre\bin\net.dll
0x00007fff6f410000 - 0x00007fff6f476000 	C:\WINDOWS\system32\mswsock.dll
0x00007fff6f190000 - 0x00007fff6f1c8000 	C:\WINDOWS\SYSTEM32\IPHLPAPI.DLL
0x00007fff71d00000 - 0x00007fff71d08000 	C:\WINDOWS\System32\NSI.dll
0x00007fff6a400000 - 0x00007fff6a416000 	C:\WINDOWS\SYSTEM32\dhcpcsvc6.DLL
0x00007fff6a3e0000 - 0x00007fff6a3fa000 	C:\WINDOWS\SYSTEM32\dhcpcsvc.DLL
0x00007fff2f120000 - 0x00007fff2f131000 	C:\Program Files\Android\Android Studio\jre\jre\bin\nio.dll
0x0000000180000000 - 0x0000000180053000 	C:\Users\Darsan\AppData\Local\Temp\libgdxDarsan\dc0f0009\lwjgl64.dll
0x00007fff1a600000 - 0x00007fff1a720000 	C:\WINDOWS\SYSTEM32\OPENGL32.dll
0x00007fff2a080000 - 0x00007fff2a0ac000 	C:\WINDOWS\SYSTEM32\GLU32.dll
0x0000000002a40000 - 0x0000000002aa4000 	C:\Users\Darsan\AppData\Local\Temp\libgdxDarsan\dc0f0009\OpenAL64.dll
0x00007fff70e60000 - 0x00007fff70fb1000 	C:\WINDOWS\System32\ole32.dll
0x00007fff6de00000 - 0x00007fff6de98000 	C:\WINDOWS\system32\uxtheme.dll
0x00007fff719f0000 - 0x00007fff71a90000 	C:\WINDOWS\System32\clbcatq.dll
0x00007fff6e6a0000 - 0x00007fff6e854000 	C:\WINDOWS\System32\PROPSYS.dll
0x00007fff733e0000 - 0x00007fff734a2000 	C:\WINDOWS\System32\OLEAUT32.dll
0x00007fff26b70000 - 0x00007fff26bff000 	C:\WINDOWS\SYSTEM32\dsound.dll
0x00007fff68ef0000 - 0x00007fff68f66000 	C:\WINDOWS\System32\MMDevApi.dll
0x00007fff6f9a0000 - 0x00007fff6f9c7000 	C:\WINDOWS\System32\DEVOBJ.dll
0x00007fff30540000 - 0x00007fff3066c000 	C:\WINDOWS\SYSTEM32\AUDIOSES.DLL
0x00007fff6aaf0000 - 0x00007fff6ac3d000 	C:\WINDOWS\SYSTEM32\wintypes.dll
0x00007fff6b2c0000 - 0x00007fff6b2ca000 	C:\WINDOWS\SYSTEM32\AVRT.dll
0x00007fff71aa0000 - 0x00007fff71c14000 	C:\WINDOWS\System32\MSCTF.dll
0x00007fff6e050000 - 0x00007fff6e079000 	C:\WINDOWS\system32\dwmapi.dll
0x00007fff65ec0000 - 0x00007fff65f57000 	C:\WINDOWS\System32\TextInputFramework.dll
0x00007fff6da40000 - 0x00007fff6db1a000 	C:\WINDOWS\System32\CoreMessaging.dll
0x00007fff6ac60000 - 0x00007fff6af7e000 	C:\WINDOWS\System32\CoreUIComponents.dll
0x00007fff6ec80000 - 0x00007fff6ecb1000 	C:\WINDOWS\SYSTEM32\ntmarta.dll
0x00000000728b0000 - 0x0000000074e8d000 	C:\WINDOWS\System32\DriverStore\FileRepository\nv_dispi.inf_amd64_2607ccebc5b08aba\nvoglv64.dll
0x00007fff71350000 - 0x00007fff7179b000 	C:\WINDOWS\System32\SETUPAPI.dll
0x00007fff6c0e0000 - 0x00007fff6c0f3000 	C:\WINDOWS\SYSTEM32\WTSAPI32.dll
0x00007fff701f0000 - 0x00007fff70247000 	C:\WINDOWS\System32\WINTRUST.dll
0x00007fff6fba0000 - 0x00007fff6fbb2000 	C:\WINDOWS\System32\MSASN1.dll
0x00007fff6fed0000 - 0x00007fff700b2000 	C:\WINDOWS\System32\CRYPT32.dll
0x00007fff268a0000 - 0x00007fff26b28000 	C:\WINDOWS\system32\nvspcap64.dll
0x00007fff664d0000 - 0x00007fff66578000 	C:\WINDOWS\SYSTEM32\mscms.dll
0x00007fff6c800000 - 0x00007fff6c810000 	C:\WINDOWS\SYSTEM32\ColorAdapterClient.dll
0x00007fff65400000 - 0x00007fff65443000 	C:\WINDOWS\SYSTEM32\icm32.dll
0x00007fff6f030000 - 0x00007fff6f086000 	C:\WINDOWS\SYSTEM32\WINSTA.dll
0x000000006e9c0000 - 0x000000006ea4c000 	C:\Users\Darsan\AppData\Local\Temp\libgdxDarsan\7da55056\gdx-box2d64.dll
0x00007fff5d5f0000 - 0x00007fff5d7b9000 	C:\WINDOWS\SYSTEM32\dbghelp.dll

VM Arguments:
jvm_args: -Dfile.encoding=windows-1252 -Duser.country=US -Duser.language=en -Duser.variant 
java_command: com.darsan.game.desktop.DesktopLauncher
java_class_path (initial): D:\mystuff\the smith\desktop\build\classes\java\main;D:\mystuff\the smith\desktop\build\resources\main;D:\mystuff\the smith\core\build\libs\core-1.0.jar;C:\Users\Darsan\.gradle\caches\modules-2\files-2.1\com.badlogicgames.gdx\gdx-tools\1.9.9\55228989f0479dd4bbe487766eda15e5d512c51e\gdx-tools-1.9.9.jar;C:\Users\Darsan\.gradle\caches\modules-2\files-2.1\com.badlogicgames.gdx\gdx-backend-lwjgl\1.9.9\ca8911cb94c0bfeb59f99e46ca9b92440958fb0e\gdx-backend-lwjgl-1.9.9.jar;C:\Users\Darsan\.gradle\caches\modules-2\files-2.1\com.badlogicgames.gdx\gdx-platform\1.9.9\7e644cfafdb436b13b24ac7993ffab17f306b64d\gdx-platform-1.9.9-natives-desktop.jar;C:\Users\Darsan\.gradle\caches\modules-2\files-2.1\com.badlogicgames.gdx\gdx-box2d-platform\1.9.9\72b2916f45f3f948896eda931cd597f7e698340f\gdx-box2d-platform-1.9.9-natives-desktop.jar;C:\Users\Darsan\.gradle\caches\modules-2\files-2.1\com.badlogicgames.gdx\gdx-controllers-desktop\1.9.9\d4b8b62f077382db145e7a94a27a994b68ce6ee\gdx-controllers-desktop-1.9.9.jar;C:\Users\Darsan\.gradle\caches\modules-2\files-2.1\com.badlogicgames.gdx\gdx-controllers-platform\1.9.9\26b8735060fdfd7dc6529cf5085fa57144a349d9\gdx-controllers-platform-1.9.9-natives-desktop.jar;C:\Users\Darsan\.gradle\caches\modules-2\files-2.1\com.badlogicgames.gdx\gdx-controllers\1.9.9\55b69a040e076b17d01a5057f9cb2ce338a3331a\gdx-controllers-1.9.9.jar;C:\Users\Darsan\.gradle\caches\modules-2\files-2.1\com.badlogicgames.ashley\ashley\1.7.0\a7c4083c0a42027a3c03ba7ccecef6cbe1c5f0a4\ashley-1.7.0.jar;C:\Users\Darsan\.gradle\caches\modules-2\files-2.1\com.badlogicgames.gdx\gdx-ai\1.8.0\ec30677d8ab1a8b8aa4b853c5f4e4b1361f50bf5\gdx-ai-1.8.0.jar;C:\Users\Darsan\.gradle\caches\modules-2\files-2.1\com.badlogicgames.gdx\gdx-backend-headless\1.9.9\657d1d232f274162eb8fd600a137b2221f2fc9c\gdx-backend-headless-1.9.9.jar;C:\Users\Darsan\.gradle\caches\modules-2\files-2.1\com.badlogicgames.gdx\gdx-freetype\1.9.9\d947872087863b654d9a0e27a8cb10a29d6fd3d6\gdx-freetype-1.9
Launcher Type: SUN_STANDARD

Environment Variables:
PATH=C:\Program Files (x86)\Common Files\Oracle\Java\javapath;C:\ProgramData\Oracle\Java\javapath;C:\Program Files (x86)\Razer Chroma SDK\bin;C:\Program Files\Razer Chroma SDK\bin;C:\Windows\system32;C:\Windows;C:\Windows\System32\Wbem;C:\Windows\System32\WindowsPowerShell\v1.0\;C:\Users\Darsan\AppData\Local\Microsoft\WindowsApps;C:\Program Files (x86)\GtkSharp\2.12\bin;C:\Program Files\Microsoft SQL Server\Client SDK\ODBC\130\Tools\Binn\;C:\Program Files (x86)\Microsoft SQL Server\130\Tools\Binn\;C:\Program Files\Microsoft SQL Server\130\Tools\Binn\;C:\Program Files\Microsoft SQL Server\130\DTS\Binn\;C:\Program Files (x86)\Microsoft SQL Server\140\Tools\Binn\;C:\Program Files\Microsoft SQL Server\140\Tools\Binn\;C:\Program Files\Microsoft SQL Server\140\DTS\Binn\;C:\Program Files (x86)\Microsoft SQL Server\Client SDK\ODBC\130\Tools\Binn\;C:\Program Files (x86)\Microsoft SQL Server\140\DTS\Binn\;C:\Program Files (x86)\Microsoft SQL Server\140\Tools\Binn\ManagementStudio\;C:\WINDOWS\system32;C:\WINDOWS;C:\WINDOWS\System32\Wbem;C:\WINDOWS\System32\WindowsPowerShell\v1.0\;C:\WINDOWS\System32\OpenSSH\;C:\Program Files (x86)\NVIDIA Corporation\PhysX\Common;C:\Users\Darsan\AppData\Local\Microsoft\WindowsApps;
USERNAME=Darsan
OS=Windows_NT
PROCESSOR_IDENTIFIER=Intel64 Family 6 Model 58 Stepping 9, GenuineIntel



---------------  S Y S T E M  ---------------

OS: Windows 10.0 , 64 bit Build 17134 (10.0.17134.1)

CPU:total 8 (initial active 8) (4 cores per cpu, 2 threads per core) family 6 model 58 stepping 9, cmov, cx8, fxsr, mmx, sse, sse2, sse3, ssse3, sse4.1, sse4.2, popcnt, avx, aes, clmul, erms, ht, tsc, tscinvbit, tscinv

Memory: 4k page, physical 4154460k(544244k free), swap 9659484k(3059920k free)

vm_info: OpenJDK 64-Bit Server VM (25.152-b02) for windows-amd64 JRE (1.8.0_152-release-1024-b02), built by "builder" with MS VC++ 10.0 (VS2010)

time: Sun Mar 17 15:21:40 2019
elapsed time: 23 seconds (0d 0h 0m 23s)

