#
# A fatal error has been detected by the Java Runtime Environment:
#
#  EXCEPTION_ACCESS_VIOLATION (0xc0000005) at pc=0x00000000019702a0, pid=15688, tid=0x0000000000003c90
#
# JRE version: OpenJDK Runtime Environment (8.0_152-b02) (build 1.8.0_152-release-1024-b02)
# Java VM: OpenJDK 64-Bit Server VM (25.152-b02 mixed mode windows-amd64 compressed oops)
# Problematic frame:
# C  0x00000000019702a0
#
# Failed to write core dump. Minidumps are not enabled by default on client versions of Windows
#
# If you would like to submit a bug report, please visit:
#   http://bugreport.java.com/bugreport/crash.jsp
# The crash happened outside the Java Virtual Machine in native code.
# See problematic frame for where to report the bug.
#

---------------  T H R E A D  ---------------

Current thread (0x0000000018126800):  JavaThread "LWJGL Application" [_thread_in_native, id=15504, stack(0x0000000019670000,0x0000000019770000)]

siginfo: ExceptionCode=0xc0000005, ExceptionInformation=0x0000000000000008 0x00000000019702a0

Registers:
RAX=0x0000000001970150, RBX=0x0000000018c4bb50, RCX=0x0000000018c57ac0, RDX=0x0000000018c2dac0
RSP=0x000000001976ea08, RBP=0x0000000018c2dac0, RSI=0x000000001976ead0, RDI=0x0000000018c2dac0
R8 =0x0000000018c47c00, R9 =0x000000001976ead0, R10=0x000000000342897b, R11=0x000000005ab94110
R12=0x0000000000000000, R13=0x0000000015bd6180, R14=0x000000001976ec50, R15=0x0000000018126800
RIP=0x00000000019702a0, EFLAGS=0x0000000000010202

Top of Stack: (sp=0x000000001976ea08)
0x000000001976ea08:   000000006e9df82c 0000000015be26b8
0x000000001976ea18:   0000000018126800 0000000018c47c00
0x000000001976ea28:   0000000020200021 0000000018c2dac0
0x000000001976ea38:   0000000018c47c00 0000000018c4bb50
0x000000001976ea48:   0000000018c2dac0 000000001976ead0
0x000000001976ea58:   000000006e9de6c9 0000000018126800
0x000000001976ea68:   000000005aa6659f 0000000000000040
0x000000001976ea78:   000000005aa263c6 0000000018126800
0x000000001976ea88:   0000000015bd6180 0000000020200021
0x000000001976ea98:   000000000341809d 000000001976ebd8
0x000000001976eaa8:   000000006e9e49bd 00000000000000b6
0x000000001976eab8:   000000001976ec08 0000000018126800
0x000000001976eac8:   0000000018c57ab0 0000000018c57ac0
0x000000001976ead8:   0000000000000000 000000003e4ccccd
0x000000001976eae8:   00017f013dcccccd 000000000000ffff
0x000000001976eaf8:   0000000015bd15d8 0000000000000000 

Instructions: (pc=0x00000000019702a0)
0x0000000001970280:   f0 8a 0d 00 00 00 00 00 f0 8a 0d 00 00 00 00 00
0x0000000001970290:   04 00 00 00 00 00 00 00 00 e0 1f 00 00 00 00 00
0x00000000019702a0:   b0 ac ee e5 fb 7f 00 00 ff ff ff ff 00 00 00 00
0x00000000019702b0:   00 00 00 00 00 00 00 00 00 00 00 00 00 00 00 00 


Register to memory mapping:

RAX=0x0000000001970150 is an unknown value
RBX=0x0000000018c4bb50 is an unknown value
RCX=0x0000000018c57ac0 is an unknown value
RDX=0x0000000018c2dac0 is an unknown value
RSP=0x000000001976ea08 is pointing into the stack for thread: 0x0000000018126800
RBP=0x0000000018c2dac0 is an unknown value
RSI=0x000000001976ead0 is pointing into the stack for thread: 0x0000000018126800
RDI=0x0000000018c2dac0 is an unknown value
R8 =0x0000000018c47c00 is an unknown value
R9 =0x000000001976ead0 is pointing into the stack for thread: 0x0000000018126800
R10=0x000000000342897b is at code_begin+891 in an Interpreter codelet
method entry point (kind = native)  [0x0000000003428600, 0x0000000003428fc0]  2496 bytes
R11=0x000000005ab94110 is an unknown value
R12=0x0000000000000000 is an unknown value
R13={method} {0x0000000015bd6188} 'jniCreateFixture' '(JJFFFZSSS)J' in 'com/badlogic/gdx/physics/box2d/Body'
R14=0x000000001976ec50 is pointing into the stack for thread: 0x0000000018126800
R15=0x0000000018126800 is a thread


Stack: [0x0000000019670000,0x0000000019770000],  sp=0x000000001976ea08,  free space=1018k
Native frames: (J=compiled Java code, j=interpreted, Vv=VM code, C=native code)
C  0x00000000019702a0

Java frames: (J=compiled Java code, j=interpreted, Vv=VM code)
j  com.badlogic.gdx.physics.box2d.Body.jniCreateFixture(JJFFFZSSS)J+0
j  com.badlogic.gdx.physics.box2d.Body.createFixture(Lcom/badlogic/gdx/physics/box2d/FixtureDef;)Lcom/badlogic/gdx/physics/box2d/Fixture;+49
j  com.darsan.game.charecters.Myhero.defineHero()V+268
j  com.darsan.game.charecters.Myhero.<init>(Lcom/badlogic/gdx/physics/box2d/World;Lcom/darsan/game/Game/MainGameScreen;Lcom/darsan/game/Game/MyGdxGame;)V+188
j  com.darsan.game.Game.MainGameScreen.show()V+181
j  com.badlogic.gdx.Game.setScreen(Lcom/badlogic/gdx/Screen;)V+32
j  com.darsan.game.Game.Menu.touchDown(IIII)Z+67
j  com.badlogic.gdx.backends.lwjgl.LwjglInput.processEvents()V+253
j  com.badlogic.gdx.backends.lwjgl.LwjglApplication.mainLoop()V+600
j  com.badlogic.gdx.backends.lwjgl.LwjglApplication$1.run()V+27
v  ~StubRoutines::call_stub

---------------  P R O C E S S  ---------------

Java Threads: ( => current thread )
  0x0000000017fee800 JavaThread "AsynchExecutor-Thread" daemon [_thread_blocked, id=7036, stack(0x0000000022fd0000,0x00000000230d0000)]
  0x0000000019997000 JavaThread "LWJGL Timer" daemon [_thread_blocked, id=11080, stack(0x00000000226d0000,0x00000000227d0000)]
  0x0000000003313800 JavaThread "DestroyJavaVM" [_thread_blocked, id=3632, stack(0x0000000003120000,0x0000000003220000)]
=>0x0000000018126800 JavaThread "LWJGL Application" [_thread_in_native, id=15504, stack(0x0000000019670000,0x0000000019770000)]
  0x0000000015eee000 JavaThread "Service Thread" daemon [_thread_blocked, id=1296, stack(0x0000000018990000,0x0000000018a90000)]
  0x0000000015eeb000 JavaThread "C1 CompilerThread3" daemon [_thread_blocked, id=7192, stack(0x0000000018890000,0x0000000018990000)]
  0x0000000017dd1000 JavaThread "C2 CompilerThread2" daemon [_thread_blocked, id=13704, stack(0x0000000018790000,0x0000000018890000)]
  0x0000000017dd0000 JavaThread "C2 CompilerThread1" daemon [_thread_blocked, id=10512, stack(0x0000000018690000,0x0000000018790000)]
  0x0000000017dce000 JavaThread "C2 CompilerThread0" daemon [_thread_blocked, id=17428, stack(0x0000000018590000,0x0000000018690000)]
  0x0000000017ddd800 JavaThread "Attach Listener" daemon [_thread_blocked, id=17564, stack(0x0000000018490000,0x0000000018590000)]
  0x0000000017ddc800 JavaThread "Signal Dispatcher" daemon [_thread_blocked, id=5232, stack(0x0000000018390000,0x0000000018490000)]
  0x000000000340e000 JavaThread "Finalizer" daemon [_thread_blocked, id=16020, stack(0x00000000181a0000,0x00000000182a0000)]
  0x000000000340b000 JavaThread "Reference Handler" daemon [_thread_blocked, id=6812, stack(0x0000000017ca0000,0x0000000017da0000)]

Other Threads:
  0x0000000015ed5800 VMThread [stack: 0x0000000017ba0000,0x0000000017ca0000] [id=16676]
  0x0000000015eee800 WatcherThread [stack: 0x0000000018a90000,0x0000000018b90000] [id=7976]

VM state:not at safepoint (normal execution)

VM Mutex/Monitor currently owned by a thread: None

Heap:
 PSYoungGen      total 18944K, used 16384K [0x00000000ead80000, 0x00000000ec280000, 0x0000000100000000)
  eden space 16384K, 100% used [0x00000000ead80000,0x00000000ebd80000,0x00000000ebd80000)
  from space 2560K, 0% used [0x00000000ec000000,0x00000000ec000000,0x00000000ec280000)
  to   space 2560K, 0% used [0x00000000ebd80000,0x00000000ebd80000,0x00000000ec000000)
 ParOldGen       total 44032K, used 0K [0x00000000c0800000, 0x00000000c3300000, 0x00000000ead80000)
  object space 44032K, 0% used [0x00000000c0800000,0x00000000c0800000,0x00000000c3300000)
 Metaspace       used 7693K, capacity 7907K, committed 7936K, reserved 1056768K
  class space    used 710K, capacity 752K, committed 768K, reserved 1048576K

Card table byte_map: [0x00000000127d0000,0x00000000129d0000] byte_map_base: 0x00000000121cc000

Marking Bits: (ParMarkBitMap*) 0x000000005b154970
 Begin Bits: [0x0000000013330000, 0x0000000014310000)
 End Bits:   [0x0000000014310000, 0x00000000152f0000)

Polling page: 0x00000000018f0000

CodeCache: size=245760Kb used=2566Kb max_used=2576Kb free=243193Kb
 bounds [0x0000000003410000, 0x00000000036a0000, 0x0000000012410000]
 total_blobs=1032 nmethods=550 adapters=396
 compilation: enabled

Compilation events (10 events):
Event: 5.428 Thread 0x0000000015eeb000 nmethod 545 0x0000000003686f10 code [0x0000000003687080, 0x00000000036873b0]
Event: 5.428 Thread 0x0000000015eeb000  546       3       java.util.zip.InflaterInputStream::<init> (79 bytes)
Event: 5.428 Thread 0x0000000015eeb000 nmethod 546 0x0000000003687510 code [0x00000000036876c0, 0x0000000003687d98]
Event: 5.428 Thread 0x0000000015eeb000  547   !   3       java.util.zip.ZipFile$ZipFileInflaterInputStream::close (67 bytes)
Event: 5.429 Thread 0x0000000015eeb000 nmethod 547 0x0000000003689a50 code [0x0000000003689c20, 0x000000000368a418]
Event: 5.429 Thread 0x0000000015eeb000  548       3       java.util.zip.InflaterInputStream::close (34 bytes)
Event: 5.429 Thread 0x0000000015eeb000 nmethod 548 0x000000000368a7d0 code [0x000000000368a940, 0x000000000368ac38]
Event: 5.442 Thread 0x0000000017dce000 nmethod 521 0x000000000368d090 code [0x000000000368d320, 0x000000000368e7d0]
Event: 5.448 Thread 0x0000000015eeb000  549       3       java.lang.Thread::interrupted (8 bytes)
Event: 5.448 Thread 0x0000000015eeb000 nmethod 549 0x000000000368bb10 code [0x000000000368bc80, 0x000000000368be08]

GC Heap History (0 events):
No events

Deoptimization events (3 events):
Event: 3.151 Thread 0x0000000018126800 Uncommon trap: reason=unstable_if action=reinterpret pc=0x00000000035be998 method=org.lwjgl.opengl.WindowsDisplay.setIcon([Ljava/nio/ByteBuffer;)I @ 189
Event: 5.386 Thread 0x0000000018126800 Uncommon trap: reason=unstable_if action=reinterpret pc=0x0000000003659a78 method=java.lang.String.<init>([CII)V @ 18
Event: 5.418 Thread 0x0000000018126800 Uncommon trap: reason=unstable_if action=reinterpret pc=0x00000000036752d4 method=com.badlogic.gdx.assets.AssetLoadingTask.handleAsyncLoader()V @ 230

Classes redefined (0 events):
No events

Internal exceptions (10 events):
Event: 0.197 Thread 0x0000000003313800 Exception <a 'java/security/PrivilegedActionException'> (0x00000000eaffe8d8) thrown at [D:\src\AOSP-openjdk-cygwin\jdk8u\hotspot\src\share\vm\prims\jvm.cpp, line 1390]
Event: 0.197 Thread 0x0000000003313800 Exception <a 'java/security/PrivilegedActionException'> (0x00000000eaffeae8) thrown at [D:\src\AOSP-openjdk-cygwin\jdk8u\hotspot\src\share\vm\prims\jvm.cpp, line 1390]
Event: 0.197 Thread 0x0000000003313800 Exception <a 'java/security/PrivilegedActionException'> (0x00000000eb000020) thrown at [D:\src\AOSP-openjdk-cygwin\jdk8u\hotspot\src\share\vm\prims\jvm.cpp, line 1390]
Event: 0.197 Thread 0x0000000003313800 Exception <a 'java/security/PrivilegedActionException'> (0x00000000eb000230) thrown at [D:\src\AOSP-openjdk-cygwin\jdk8u\hotspot\src\share\vm\prims\jvm.cpp, line 1390]
Event: 0.444 Thread 0x0000000003313800 Exception <a 'java/security/PrivilegedActionException'> (0x00000000eb1160d0) thrown at [D:\src\AOSP-openjdk-cygwin\jdk8u\hotspot\src\share\vm\prims\jvm.cpp, line 1390]
Event: 0.444 Thread 0x0000000003313800 Exception <a 'java/security/PrivilegedActionException'> (0x00000000eb117da8) thrown at [D:\src\AOSP-openjdk-cygwin\jdk8u\hotspot\src\share\vm\prims\jvm.cpp, line 1390]
Event: 0.444 Thread 0x0000000003313800 Exception <a 'java/security/PrivilegedActionException'> (0x00000000eb118f18) thrown at [D:\src\AOSP-openjdk-cygwin\jdk8u\hotspot\src\share\vm\prims\jvm.cpp, line 1390]
Event: 0.445 Thread 0x0000000003313800 Exception <a 'java/security/PrivilegedActionException'> (0x00000000eb11e080) thrown at [D:\src\AOSP-openjdk-cygwin\jdk8u\hotspot\src\share\vm\prims\jvm.cpp, line 1390]
Event: 0.445 Thread 0x0000000003313800 Exception <a 'java/security/PrivilegedActionException'> (0x00000000eb11ecd8) thrown at [D:\src\AOSP-openjdk-cygwin\jdk8u\hotspot\src\share\vm\prims\jvm.cpp, line 1390]
Event: 0.445 Thread 0x0000000003313800 Exception <a 'java/security/PrivilegedActionException'> (0x00000000eb11f900) thrown at [D:\src\AOSP-openjdk-cygwin\jdk8u\hotspot\src\share\vm\prims\jvm.cpp, line 1390]

Events (10 events):
Event: 5.447 loading class com/badlogic/gdx/physics/box2d/JointDef
Event: 5.447 loading class com/badlogic/gdx/physics/box2d/JointDef done
Event: 5.447 loading class com/badlogic/gdx/physics/box2d/joints/RevoluteJointDef
Event: 5.447 loading class com/badlogic/gdx/physics/box2d/joints/RevoluteJointDef done
Event: 5.448 loading class com/darsan/game/charecters/Myhero$State
Event: 5.448 loading class com/darsan/game/charecters/Myhero$State done
Event: 5.448 loading class com/badlogic/gdx/graphics/g2d/Animation
Event: 5.448 loading class com/badlogic/gdx/graphics/g2d/Animation done
Event: 5.448 loading class com/badlogic/gdx/graphics/g2d/Animation$PlayMode
Event: 5.448 loading class com/badlogic/gdx/graphics/g2d/Animation$PlayMode done


Dynamic libraries:
0x00007ff635e20000 - 0x00007ff635e51000 	C:\Program Files\Android\Android Studio\jre\bin\java.exe
0x00007ffbe5d90000 - 0x00007ffbe5f71000 	C:\WINDOWS\SYSTEM32\ntdll.dll
0x00007ffbe4a20000 - 0x00007ffbe4ad2000 	C:\WINDOWS\System32\KERNEL32.DLL
0x00007ffbe2160000 - 0x00007ffbe23d3000 	C:\WINDOWS\System32\KERNELBASE.dll
0x00007ffbe4ae0000 - 0x00007ffbe4b81000 	C:\WINDOWS\System32\ADVAPI32.dll
0x00007ffbe4810000 - 0x00007ffbe48ae000 	C:\WINDOWS\System32\msvcrt.dll
0x00007ffbe4e60000 - 0x00007ffbe4ebb000 	C:\WINDOWS\System32\sechost.dll
0x00007ffbe48c0000 - 0x00007ffbe49e4000 	C:\WINDOWS\System32\RPCRT4.dll
0x00007ffbe4ee0000 - 0x00007ffbe5070000 	C:\WINDOWS\System32\USER32.dll
0x00007ffbe31a0000 - 0x00007ffbe31c0000 	C:\WINDOWS\System32\win32u.dll
0x00007ffbe5210000 - 0x00007ffbe5238000 	C:\WINDOWS\System32\GDI32.dll
0x00007ffbe2460000 - 0x00007ffbe25f2000 	C:\WINDOWS\System32\gdi32full.dll
0x00007ffbe2840000 - 0x00007ffbe28df000 	C:\WINDOWS\System32\msvcp_win.dll
0x00007ffbe28e0000 - 0x00007ffbe29da000 	C:\WINDOWS\System32\ucrtbase.dll
0x00007ffbd8ee0000 - 0x00007ffbd9149000 	C:\WINDOWS\WinSxS\amd64_microsoft.windows.common-controls_6595b64144ccf1df_6.0.17134.345_none_fb429a5930656358\COMCTL32.dll
0x00007ffbe5a30000 - 0x00007ffbe5d53000 	C:\WINDOWS\System32\combase.dll
0x00007ffbe23e0000 - 0x00007ffbe245a000 	C:\WINDOWS\System32\bcryptPrimitives.dll
0x00007ffbe49f0000 - 0x00007ffbe4a1d000 	C:\WINDOWS\System32\IMM32.DLL
0x000000005a8b0000 - 0x000000005a982000 	C:\Program Files\Android\Android Studio\jre\jre\bin\msvcr100.dll
0x000000005a990000 - 0x000000005b1cf000 	C:\Program Files\Android\Android Studio\jre\jre\bin\server\jvm.dll
0x00007ffbe48b0000 - 0x00007ffbe48b8000 	C:\WINDOWS\System32\PSAPI.DLL
0x00007ffbdcb50000 - 0x00007ffbdcb5a000 	C:\WINDOWS\SYSTEM32\VERSION.dll
0x00007ffbdec70000 - 0x00007ffbdec93000 	C:\WINDOWS\SYSTEM32\WINMM.dll
0x00007ffbded20000 - 0x00007ffbded29000 	C:\WINDOWS\SYSTEM32\WSOCK32.dll
0x00007ffbe5240000 - 0x00007ffbe52ac000 	C:\WINDOWS\System32\WS2_32.dll
0x00007ffbdec40000 - 0x00007ffbdec6a000 	C:\WINDOWS\SYSTEM32\winmmbase.dll
0x00007ffbe27f0000 - 0x00007ffbe2839000 	C:\WINDOWS\System32\cfgmgr32.dll
0x00007ffbdecb0000 - 0x00007ffbdecbf000 	C:\Program Files\Android\Android Studio\jre\jre\bin\verify.dll
0x00007ffbd9c10000 - 0x00007ffbd9c39000 	C:\Program Files\Android\Android Studio\jre\jre\bin\java.dll
0x00007ffbd3950000 - 0x00007ffbd3966000 	C:\Program Files\Android\Android Studio\jre\jre\bin\zip.dll
0x00007ffbe3370000 - 0x00007ffbe47af000 	C:\WINDOWS\System32\SHELL32.dll
0x00007ffbe4db0000 - 0x00007ffbe4e59000 	C:\WINDOWS\System32\shcore.dll
0x00007ffbe29e0000 - 0x00007ffbe30ed000 	C:\WINDOWS\System32\windows.storage.dll
0x00007ffbe47b0000 - 0x00007ffbe4801000 	C:\WINDOWS\System32\shlwapi.dll
0x00007ffbe20c0000 - 0x00007ffbe20d1000 	C:\WINDOWS\System32\kernel.appcore.dll
0x00007ffbe2140000 - 0x00007ffbe215f000 	C:\WINDOWS\System32\profapi.dll
0x00007ffbe20f0000 - 0x00007ffbe213c000 	C:\WINDOWS\System32\powrprof.dll
0x00007ffbe20e0000 - 0x00007ffbe20ea000 	C:\WINDOWS\System32\FLTLIB.DLL
0x0000000065ac0000 - 0x0000000065b26000 	C:\Users\Darsan\AppData\Local\Temp\libgdxDarsan\689f6d6a\gdx64.dll
0x00007ffbe1ae0000 - 0x00007ffbe1af7000 	C:\WINDOWS\SYSTEM32\CRYPTSP.dll
0x00007ffbe14a0000 - 0x00007ffbe14d3000 	C:\WINDOWS\system32\rsaenh.dll
0x00007ffbe1c00000 - 0x00007ffbe1c25000 	C:\WINDOWS\SYSTEM32\bcrypt.dll
0x00007ffbe1fd0000 - 0x00007ffbe1ff8000 	C:\WINDOWS\SYSTEM32\USERENV.dll
0x00007ffbe1ad0000 - 0x00007ffbe1adb000 	C:\WINDOWS\SYSTEM32\CRYPTBASE.dll
0x00007ffbd2e90000 - 0x00007ffbd2eaa000 	C:\Program Files\Android\Android Studio\jre\jre\bin\net.dll
0x00007ffbe1920000 - 0x00007ffbe1986000 	C:\WINDOWS\system32\mswsock.dll
0x00007ffbe16a0000 - 0x00007ffbe16d8000 	C:\WINDOWS\SYSTEM32\IPHLPAPI.DLL
0x00007ffbe5160000 - 0x00007ffbe5168000 	C:\WINDOWS\System32\NSI.dll
0x00007ffbdc900000 - 0x00007ffbdc916000 	C:\WINDOWS\SYSTEM32\dhcpcsvc6.DLL
0x00007ffbdc810000 - 0x00007ffbdc82a000 	C:\WINDOWS\SYSTEM32\dhcpcsvc.DLL
0x00007ffba8520000 - 0x00007ffba8531000 	C:\Program Files\Android\Android Studio\jre\jre\bin\nio.dll
0x0000000180000000 - 0x0000000180053000 	C:\Users\Darsan\AppData\Local\Temp\libgdxDarsan\dc0f0009\lwjgl64.dll
0x00007ffb98190000 - 0x00007ffb982b0000 	C:\WINDOWS\SYSTEM32\OPENGL32.dll
0x00007ffba6be0000 - 0x00007ffba6c0c000 	C:\WINDOWS\SYSTEM32\GLU32.dll
0x0000000018fd0000 - 0x0000000019034000 	C:\Users\Darsan\AppData\Local\Temp\libgdxDarsan\dc0f0009\OpenAL64.dll
0x00007ffbe4c50000 - 0x00007ffbe4da1000 	C:\WINDOWS\System32\ole32.dll
0x00007ffbe03e0000 - 0x00007ffbe0478000 	C:\WINDOWS\system32\uxtheme.dll
0x00007ffbe5170000 - 0x00007ffbe5210000 	C:\WINDOWS\System32\clbcatq.dll
0x00007ffbe0ba0000 - 0x00007ffbe0d54000 	C:\WINDOWS\System32\PROPSYS.dll
0x00007ffbe32a0000 - 0x00007ffbe3362000 	C:\WINDOWS\System32\OLEAUT32.dll
0x00007ffb9a8c0000 - 0x00007ffb9a94f000 	C:\WINDOWS\SYSTEM32\dsound.dll
0x00007ffbdb490000 - 0x00007ffbdb506000 	C:\WINDOWS\System32\MMDevApi.dll
0x00007ffbe1eb0000 - 0x00007ffbe1ed7000 	C:\WINDOWS\System32\DEVOBJ.dll
0x00007ffba5710000 - 0x00007ffba583c000 	C:\WINDOWS\SYSTEM32\AUDIOSES.DLL
0x00007ffbdcfa0000 - 0x00007ffbdd0ed000 	C:\WINDOWS\SYSTEM32\wintypes.dll
0x00007ffbdd770000 - 0x00007ffbdd77a000 	C:\WINDOWS\SYSTEM32\AVRT.dll
0x00007ffbe58b0000 - 0x00007ffbe5a24000 	C:\WINDOWS\System32\MSCTF.dll
0x00007ffbe0560000 - 0x00007ffbe0589000 	C:\WINDOWS\system32\dwmapi.dll
0x00000000582d0000 - 0x000000005a8ad000 	C:\WINDOWS\System32\DriverStore\FileRepository\nv_dispi.inf_amd64_2607ccebc5b08aba\nvoglv64.dll
0x00007ffbe5460000 - 0x00007ffbe58ab000 	C:\WINDOWS\System32\SETUPAPI.dll
0x00007ffbde6b0000 - 0x00007ffbde6c3000 	C:\WINDOWS\SYSTEM32\WTSAPI32.dll
0x00007ffbe31c0000 - 0x00007ffbe3217000 	C:\WINDOWS\System32\WINTRUST.dll
0x00007ffbe20a0000 - 0x00007ffbe20b2000 	C:\WINDOWS\System32\MSASN1.dll
0x00007ffbe2600000 - 0x00007ffbe27e2000 	C:\WINDOWS\System32\CRYPT32.dll
0x00007ffbe1190000 - 0x00007ffbe11c1000 	C:\WINDOWS\SYSTEM32\ntmarta.dll
0x00007ffb858d0000 - 0x00007ffb85b58000 	C:\WINDOWS\system32\nvspcap64.dll
0x00007ffbda7d0000 - 0x00007ffbda878000 	C:\WINDOWS\SYSTEM32\mscms.dll
0x00007ffbdeca0000 - 0x00007ffbdecb0000 	C:\WINDOWS\SYSTEM32\ColorAdapterClient.dll
0x00007ffb98cb0000 - 0x00007ffb98cf3000 	C:\WINDOWS\SYSTEM32\icm32.dll
0x00007ffbe1540000 - 0x00007ffbe1596000 	C:\WINDOWS\SYSTEM32\WINSTA.dll
0x00007ffbd3af0000 - 0x00007ffbd3b87000 	C:\WINDOWS\System32\TextInputFramework.dll
0x00007ffbdfc20000 - 0x00007ffbdfcfa000 	C:\WINDOWS\System32\CoreMessaging.dll
0x00007ffbdd130000 - 0x00007ffbdd44e000 	C:\WINDOWS\System32\CoreUIComponents.dll
0x000000006e9c0000 - 0x000000006ea4c000 	C:\Users\Darsan\AppData\Local\Temp\libgdxDarsan\7da55056\gdx-box2d64.dll
0x00007ffbcef50000 - 0x00007ffbcf119000 	C:\WINDOWS\SYSTEM32\dbghelp.dll

VM Arguments:
jvm_args: -Dfile.encoding=windows-1252 -Duser.country=US -Duser.language=en -Duser.variant 
java_command: com.darsan.game.desktop.DesktopLauncher
java_class_path (initial): D:\mystuff\the smith\desktop\build\classes\java\main;D:\mystuff\the smith\desktop\build\resources\main;D:\mystuff\the smith\core\build\libs\core-1.0.jar;C:\Users\Darsan\.gradle\caches\modules-2\files-2.1\com.badlogicgames.gdx\gdx-tools\1.9.9\55228989f0479dd4bbe487766eda15e5d512c51e\gdx-tools-1.9.9.jar;C:\Users\Darsan\.gradle\caches\modules-2\files-2.1\com.badlogicgames.gdx\gdx-backend-lwjgl\1.9.9\ca8911cb94c0bfeb59f99e46ca9b92440958fb0e\gdx-backend-lwjgl-1.9.9.jar;C:\Users\Darsan\.gradle\caches\modules-2\files-2.1\com.badlogicgames.gdx\gdx-platform\1.9.9\7e644cfafdb436b13b24ac7993ffab17f306b64d\gdx-platform-1.9.9-natives-desktop.jar;C:\Users\Darsan\.gradle\caches\modules-2\files-2.1\com.badlogicgames.gdx\gdx-box2d-platform\1.9.9\72b2916f45f3f948896eda931cd597f7e698340f\gdx-box2d-platform-1.9.9-natives-desktop.jar;C:\Users\Darsan\.gradle\caches\modules-2\files-2.1\com.badlogicgames.gdx\gdx-controllers-desktop\1.9.9\d4b8b62f077382db145e7a94a27a994b68ce6ee\gdx-controllers-desktop-1.9.9.jar;C:\Users\Darsan\.gradle\caches\modules-2\files-2.1\com.badlogicgames.gdx\gdx-controllers-platform\1.9.9\26b8735060fdfd7dc6529cf5085fa57144a349d9\gdx-controllers-platform-1.9.9-natives-desktop.jar;C:\Users\Darsan\.gradle\caches\modules-2\files-2.1\com.badlogicgames.gdx\gdx-controllers\1.9.9\55b69a040e076b17d01a5057f9cb2ce338a3331a\gdx-controllers-1.9.9.jar;C:\Users\Darsan\.gradle\caches\modules-2\files-2.1\com.badlogicgames.ashley\ashley\1.7.0\a7c4083c0a42027a3c03ba7ccecef6cbe1c5f0a4\ashley-1.7.0.jar;C:\Users\Darsan\.gradle\caches\modules-2\files-2.1\com.badlogicgames.gdx\gdx-ai\1.8.0\ec30677d8ab1a8b8aa4b853c5f4e4b1361f50bf5\gdx-ai-1.8.0.jar;C:\Users\Darsan\.gradle\caches\modules-2\files-2.1\com.badlogicgames.gdx\gdx-backend-headless\1.9.9\657d1d232f274162eb8fd600a137b2221f2fc9c\gdx-backend-headless-1.9.9.jar;C:\Users\Darsan\.gradle\caches\modules-2\files-2.1\com.badlogicgames.gdx\gdx-freetype\1.9.9\d947872087863b654d9a0e27a8cb10a29d6fd3d6\gdx-freetype-1.9
Launcher Type: SUN_STANDARD

Environment Variables:
PATH=C:\Program Files (x86)\Common Files\Oracle\Java\javapath;C:\ProgramData\Oracle\Java\javapath;C:\Program Files (x86)\Razer Chroma SDK\bin;C:\Program Files\Razer Chroma SDK\bin;C:\Windows\system32;C:\Windows;C:\Windows\System32\Wbem;C:\Windows\System32\WindowsPowerShell\v1.0\;C:\Users\Darsan\AppData\Local\Microsoft\WindowsApps;C:\Program Files (x86)\GtkSharp\2.12\bin;C:\Program Files\Microsoft SQL Server\Client SDK\ODBC\130\Tools\Binn\;C:\Program Files (x86)\Microsoft SQL Server\130\Tools\Binn\;C:\Program Files\Microsoft SQL Server\130\Tools\Binn\;C:\Program Files\Microsoft SQL Server\130\DTS\Binn\;C:\Program Files (x86)\Microsoft SQL Server\140\Tools\Binn\;C:\Program Files\Microsoft SQL Server\140\Tools\Binn\;C:\Program Files\Microsoft SQL Server\140\DTS\Binn\;C:\Program Files (x86)\Microsoft SQL Server\Client SDK\ODBC\130\Tools\Binn\;C:\Program Files (x86)\Microsoft SQL Server\140\DTS\Binn\;C:\Program Files (x86)\Microsoft SQL Server\140\Tools\Binn\ManagementStudio\;C:\WINDOWS\system32;C:\WINDOWS;C:\WINDOWS\System32\Wbem;C:\WINDOWS\System32\WindowsPowerShell\v1.0\;C:\WINDOWS\System32\OpenSSH\;C:\Program Files (x86)\NVIDIA Corporation\PhysX\Common;C:\Users\Darsan\AppData\Local\Microsoft\WindowsApps;
USERNAME=Darsan
OS=Windows_NT
PROCESSOR_IDENTIFIER=Intel64 Family 6 Model 58 Stepping 9, GenuineIntel



---------------  S Y S T E M  ---------------

OS: Windows 10.0 , 64 bit Build 17134 (10.0.17134.1)

CPU:total 8 (initial active 8) (4 cores per cpu, 2 threads per core) family 6 model 58 stepping 9, cmov, cx8, fxsr, mmx, sse, sse2, sse3, ssse3, sse4.1, sse4.2, popcnt, avx, aes, clmul, erms, ht, tsc, tscinvbit, tscinv

Memory: 4k page, physical 4154460k(392684k free), swap 11935964k(2305680k free)

vm_info: OpenJDK 64-Bit Server VM (25.152-b02) for windows-amd64 JRE (1.8.0_152-release-1024-b02), built by "builder" with MS VC++ 10.0 (VS2010)

time: Sat Mar 09 21:17:05 2019
elapsed time: 5 seconds (0d 0h 0m 5s)

