#
# A fatal error has been detected by the Java Runtime Environment:
#
#  EXCEPTION_ACCESS_VIOLATION (0xc0000005) at pc=0x000000006e9cbbb1, pid=10956, tid=0x0000000000002448
#
# JRE version: OpenJDK Runtime Environment (8.0_152-b02) (build 1.8.0_152-release-1024-b02)
# Java VM: OpenJDK 64-Bit Server VM (25.152-b02 mixed mode windows-amd64 compressed oops)
# Problematic frame:
# C  [gdx-box2d64.dll+0xbbb1]
#
# Failed to write core dump. Minidumps are not enabled by default on client versions of Windows
#
# If you would like to submit a bug report, please visit:
#   http://bugreport.java.com/bugreport/crash.jsp
# The crash happened outside the Java Virtual Machine in native code.
# See problematic frame for where to report the bug.
#

---------------  T H R E A D  ---------------

Current thread (0x0000000017d6d800):  JavaThread "LWJGL Application" [_thread_in_native, id=9288, stack(0x0000000019990000,0x0000000019a90000)]

siginfo: ExceptionCode=0xc0000005, reading address 0x00000020187d8b80

Registers:
RAX=0x000000006ea10060, RBX=0x00000020187d8b80, RCX=0x0000000021c48c10, RDX=0x00000000000000b8
RSP=0x0000000019a8ef50, RBP=0x0000000021c48c40, RSI=0x0000000021c48c10, RDI=0x0000000019a8f010
R8 =0x0000000021c48c10, R9 =0x0000000000000001, R10=0x0000000000000000, R11=0x0000000000000001
R12=0x0000000000000000, R13=0x0000000000000006, R14=0x0000000019a8f200, R15=0x0000000017d6d800
RIP=0x000000006e9cbbb1, EFLAGS=0x0000000000010202

Top of Stack: (sp=0x0000000019a8ef50)
0x0000000019a8ef50:   0000000015748ea8 0000000017d6d800
0x0000000019a8ef60:   00000000757df5d8 00000000197afcd0
0x0000000019a8ef70:   0000000000000001 0000000021c48c10
0x0000000019a8ef80:   0000000019a8f010 0000000019a8f158
0x0000000019a8ef90:   0000000000000000 0000000015748ea8
0x0000000019a8efa0:   0000000019a8f200 000000006e9e1163
0x0000000019a8efb0:   0000000019a8f050 0000000019a8f050
0x0000000019a8efc0:   0000000000000003 0000000015748ea8
0x0000000019a8efd0:   0000000000000001 0000000015080480
0x0000000019a8efe0:   00000000000820e8 000000006e9e6a36
0x0000000019a8eff0:   0000000000000000 00000000000820e8
0x0000000019a8f000:   0000000019a8f158 0000000002fa54d8
0x0000000019a8f010:   4250e18300000001 00000000407c28f4
0x0000000019a8f020:   0000000000000000 0000000000000000
0x0000000019a8f030:   0100010100000000 0000000019a8f201
0x0000000019a8f040:   0000000000000000 000000003f800000 

Instructions: (pc=0x000000006e9cbbb1)
0x000000006e9cbb91:   05 ca 44 04 00 44 0f b6 2c 18 41 80 fd 0d 4c 89
0x000000006e9cbba1:   eb 77 2c 48 8d 2c de 48 8b 5d 10 48 85 db 74 45
0x000000006e9cbbb1:   48 8b 03 48 89 45 10 48 89 d8 48 83 c4 20 5b 5e
0x000000006e9cbbc1:   5f 5d 41 5c 41 5d 41 5e c3 66 0f 1f 44 00 00 48 


Register to memory mapping:

RAX=0x000000006ea10060 is an unknown value
RBX=0x00000020187d8b80 is an unknown value
RCX=0x0000000021c48c10 is an unknown value
RDX=0x00000000000000b8 is an unknown value
RSP=0x0000000019a8ef50 is pointing into the stack for thread: 0x0000000017d6d800
RBP=0x0000000021c48c40 is an unknown value
RSI=0x0000000021c48c10 is an unknown value
RDI=0x0000000019a8f010 is pointing into the stack for thread: 0x0000000017d6d800
R8 =0x0000000021c48c10 is an unknown value
R9 =0x0000000000000001 is an unknown value
R10=0x0000000000000000 is an unknown value
R11=0x0000000000000001 is an unknown value
R12=0x0000000000000000 is an unknown value
R13=0x0000000000000006 is an unknown value
R14=0x0000000019a8f200 is pointing into the stack for thread: 0x0000000017d6d800
R15=0x0000000017d6d800 is a thread


Stack: [0x0000000019990000,0x0000000019a90000],  sp=0x0000000019a8ef50,  free space=1019k
Native frames: (J=compiled Java code, j=interpreted, Vv=VM code, C=native code)
C  [gdx-box2d64.dll+0xbbb1]
C  [gdx-box2d64.dll+0x21163]
C  [gdx-box2d64.dll+0x26a36]
C  0x0000000002fb89a7

Java frames: (J=compiled Java code, j=interpreted, Vv=VM code)
j  com.badlogic.gdx.physics.box2d.World.jniCreateBody(JIFFFFFFFFZZZZZF)J+0
j  com.badlogic.gdx.physics.box2d.World.createBody(Lcom/badlogic/gdx/physics/box2d/BodyDef;)Lcom/badlogic/gdx/physics/box2d/Body;+80
j  com.darsan.game.spells.ShadowBall.defineBody(Lcom/badlogic/gdx/math/Vector2;)V+35
j  com.darsan.game.spells.ShadowBall.<init>(Lcom/darsan/game/Game/MainGameScreen;Lcom/badlogic/gdx/math/Vector2;)V+28
j  com.darsan.game.charecters.Myhero.keyDown(I)Z+99
J 1008 C1 com.badlogic.gdx.backends.lwjgl.LwjglInput.processEvents()V (478 bytes) @ 0x0000000003367494 [0x0000000003366e20+0x674]
j  com.badlogic.gdx.backends.lwjgl.LwjglApplication.mainLoop()V+600
j  com.badlogic.gdx.backends.lwjgl.LwjglApplication$1.run()V+27
v  ~StubRoutines::call_stub

---------------  P R O C E S S  ---------------

Java Threads: ( => current thread )
  0x0000000019477000 JavaThread "AsynchExecutor-Thread" daemon [_thread_blocked, id=2928, stack(0x0000000021b20000,0x0000000021c20000)]
  0x0000000019626000 JavaThread "LWJGL Timer" daemon [_thread_blocked, id=1304, stack(0x0000000021a20000,0x0000000021b20000)]
  0x0000000002ea3800 JavaThread "DestroyJavaVM" [_thread_blocked, id=15552, stack(0x0000000002ce0000,0x0000000002de0000)]
=>0x0000000017d6d800 JavaThread "LWJGL Application" [_thread_in_native, id=9288, stack(0x0000000019990000,0x0000000019a90000)]
  0x0000000017a47800 JavaThread "Service Thread" daemon [_thread_blocked, id=4264, stack(0x0000000018560000,0x0000000018660000)]
  0x00000000179af000 JavaThread "C1 CompilerThread3" daemon [_thread_blocked, id=11888, stack(0x0000000018460000,0x0000000018560000)]
  0x00000000179a5800 JavaThread "C2 CompilerThread2" daemon [_thread_blocked, id=1164, stack(0x0000000018360000,0x0000000018460000)]
  0x00000000179a0000 JavaThread "C2 CompilerThread1" daemon [_thread_blocked, id=10780, stack(0x0000000018260000,0x0000000018360000)]
  0x000000001799e000 JavaThread "C2 CompilerThread0" daemon [_thread_blocked, id=2664, stack(0x0000000018160000,0x0000000018260000)]
  0x00000000179ad800 JavaThread "Attach Listener" daemon [_thread_blocked, id=14204, stack(0x0000000018060000,0x0000000018160000)]
  0x00000000179ac800 JavaThread "Signal Dispatcher" daemon [_thread_blocked, id=2072, stack(0x0000000017f60000,0x0000000018060000)]
  0x0000000002f9e000 JavaThread "Finalizer" daemon [_thread_blocked, id=11388, stack(0x0000000017d70000,0x0000000017e70000)]
  0x0000000015a6a800 JavaThread "Reference Handler" daemon [_thread_blocked, id=9756, stack(0x0000000017870000,0x0000000017970000)]

Other Threads:
  0x0000000015a65000 VMThread [stack: 0x0000000017770000,0x0000000017870000] [id=13844]
  0x0000000017a48800 WatcherThread [stack: 0x0000000018660000,0x0000000018760000] [id=892]

VM state:not at safepoint (normal execution)

VM Mutex/Monitor currently owned by a thread: None

Heap:
 PSYoungGen      total 18944K, used 9297K [0x00000000ead80000, 0x00000000ec280000, 0x0000000100000000)
  eden space 16384K, 41% used [0x00000000ead80000,0x00000000eb415468,0x00000000ebd80000)
  from space 2560K, 99% used [0x00000000ebd80000,0x00000000ebfff338,0x00000000ec000000)
  to   space 2560K, 0% used [0x00000000ec000000,0x00000000ec000000,0x00000000ec280000)
 ParOldGen       total 44032K, used 1665K [0x00000000c0800000, 0x00000000c3300000, 0x00000000ead80000)
  object space 44032K, 3% used [0x00000000c0800000,0x00000000c09a0520,0x00000000c3300000)
 Metaspace       used 8068K, capacity 8227K, committed 8448K, reserved 1056768K
  class space    used 723K, capacity 752K, committed 768K, reserved 1048576K

Card table byte_map: [0x0000000012360000,0x0000000012560000] byte_map_base: 0x0000000011d5c000

Marking Bits: (ParMarkBitMap*) 0x00000000759a4970
 Begin Bits: [0x0000000012ec0000, 0x0000000013ea0000)
 End Bits:   [0x0000000013ea0000, 0x0000000014e80000)

Polling page: 0x0000000001470000

CodeCache: size=245760Kb used=4418Kb max_used=4433Kb free=241341Kb
 bounds [0x0000000002fa0000, 0x0000000003400000, 0x0000000011fa0000]
 total_blobs=1603 nmethods=1121 adapters=396
 compilation: enabled

Compilation events (10 events):
Event: 41.826 Thread 0x00000000179a5800 nmethod 1115 0x00000000033f6bd0 code [0x00000000033f7120, 0x00000000033f9f10]
Event: 43.005 Thread 0x00000000179af000 1116       3       com.badlogic.gdx.physics.box2d.Box2DDebugRenderer::render (14 bytes)
Event: 43.005 Thread 0x00000000179af000 nmethod 1116 0x00000000033d7c50 code [0x00000000033d7de0, 0x00000000033d8198]
Event: 43.005 Thread 0x00000000179af000 1117       3       com.badlogic.gdx.graphics.glutils.ShapeRenderer::setProjectionMatrix (15 bytes)
Event: 43.006 Thread 0x00000000179af000 nmethod 1117 0x00000000033f65d0 code [0x00000000033f6740, 0x00000000033f6a28]
Event: 43.624 Thread 0x00000000179a0000 1118       4       java.nio.HeapByteBuffer::put (167 bytes)
Event: 43.626 Thread 0x00000000179a0000 nmethod 1118 0x00000000033f2f90 code [0x00000000033f30e0, 0x00000000033f33d8]
Event: 43.691 Thread 0x00000000179af000 1119       3       com.badlogic.gdx.physics.box2d.Contact::getFixtureB (22 bytes)
Event: 43.691 Thread 0x00000000179af000 nmethod 1119 0x00000000033c7f90 code [0x00000000033c8120, 0x00000000033c83f8]
Event: 44.159 Thread 0x00000000179af000 1121       3       java.lang.Math::abs (11 bytes)

GC Heap History (2 events):
Event: 2.174 GC heap before
{Heap before GC invocations=1 (full 0):
 PSYoungGen      total 18944K, used 16384K [0x00000000ead80000, 0x00000000ec280000, 0x0000000100000000)
  eden space 16384K, 100% used [0x00000000ead80000,0x00000000ebd80000,0x00000000ebd80000)
  from space 2560K, 0% used [0x00000000ec000000,0x00000000ec000000,0x00000000ec280000)
  to   space 2560K, 0% used [0x00000000ebd80000,0x00000000ebd80000,0x00000000ec000000)
 ParOldGen       total 44032K, used 0K [0x00000000c0800000, 0x00000000c3300000, 0x00000000ead80000)
  object space 44032K, 0% used [0x00000000c0800000,0x00000000c0800000,0x00000000c3300000)
 Metaspace       used 7413K, capacity 7683K, committed 7936K, reserved 1056768K
  class space    used 679K, capacity 720K, committed 768K, reserved 1048576K
Event: 2.180 GC heap after
Heap after GC invocations=1 (full 0):
 PSYoungGen      total 18944K, used 2556K [0x00000000ead80000, 0x00000000ec280000, 0x0000000100000000)
  eden space 16384K, 0% used [0x00000000ead80000,0x00000000ead80000,0x00000000ebd80000)
  from space 2560K, 99% used [0x00000000ebd80000,0x00000000ebfff338,0x00000000ec000000)
  to   space 2560K, 0% used [0x00000000ec000000,0x00000000ec000000,0x00000000ec280000)
 ParOldGen       total 44032K, used 1665K [0x00000000c0800000, 0x00000000c3300000, 0x00000000ead80000)
  object space 44032K, 3% used [0x00000000c0800000,0x00000000c09a0520,0x00000000c3300000)
 Metaspace       used 7413K, capacity 7683K, committed 7936K, reserved 1056768K
  class space    used 679K, capacity 720K, committed 768K, reserved 1048576K
}

Deoptimization events (10 events):
Event: 2.223 Thread 0x0000000017d6d800 Uncommon trap: reason=unloaded action=reinterpret pc=0x0000000003212f84 method=com.badlogic.gdx.assets.AssetManager.updateTask()Z @ 173
Event: 2.223 Thread 0x0000000017d6d800 Uncommon trap: reason=unstable_if action=reinterpret pc=0x0000000003227484 method=com.badlogic.gdx.assets.AssetManager.finishLoading()V @ 13
Event: 5.106 Thread 0x0000000017d6d800 Uncommon trap: reason=unstable_if action=reinterpret pc=0x00000000032fa964 method=com.badlogic.gdx.physics.box2d.Box2DDebugRenderer.getColorByBody(Lcom/badlogic/gdx/physics/box2d/Body;)Lcom/badlogic/gdx/graphics/Color; @ 46
Event: 5.123 Thread 0x0000000017d6d800 Uncommon trap: reason=unstable_if action=reinterpret pc=0x00000000032d7734 method=com.badlogic.gdx.physics.box2d.Box2DDebugRenderer.getColorByBody(Lcom/badlogic/gdx/physics/box2d/Body;)Lcom/badlogic/gdx/graphics/Color; @ 46
Event: 12.332 Thread 0x0000000017d6d800 Uncommon trap: reason=unstable_if action=reinterpret pc=0x00000000033469b8 method=com.badlogic.gdx.utils.Array.iterator()Ljava/util/Iterator; @ 4
Event: 12.332 Thread 0x0000000017d6d800 Uncommon trap: reason=unstable_if action=reinterpret pc=0x00000000032e4458 method=com.badlogic.gdx.utils.Array$ArrayIterable.iterator()Ljava/util/Iterator; @ 4
Event: 12.332 Thread 0x0000000017d6d800 Uncommon trap: reason=unstable_if action=reinterpret pc=0x00000000033442a8 method=com.badlogic.gdx.physics.box2d.Body.getType()Lcom/badlogic/gdx/physics/box2d/BodyDef$BodyType; @ 19
Event: 12.332 Thread 0x0000000017d6d800 Uncommon trap: reason=unstable_if action=reinterpret pc=0x00000000032b46e4 method=com.badlogic.gdx.physics.box2d.Body.getType()Lcom/badlogic/gdx/physics/box2d/BodyDef$BodyType; @ 19
Event: 12.332 Thread 0x0000000017d6d800 Uncommon trap: reason=unstable_if action=reinterpret pc=0x00000000032e98d0 method=com.badlogic.gdx.physics.box2d.Fixture.getShape()Lcom/badlogic/gdx/physics/box2d/Shape; @ 4
Event: 15.693 Thread 0x0000000017d6d800 Uncommon trap: reason=unstable_if action=reinterpret pc=0x000000000339f05c method=com.darsan.game.charecters.Warrior.getState()Lcom/darsan/game/charecters/Warrior$State; @ 4

Classes redefined (0 events):
No events

Internal exceptions (10 events):
Event: 0.294 Thread 0x0000000002ea3800 Exception <a 'java/security/PrivilegedActionException'> (0x00000000eb116d08) thrown at [D:\src\AOSP-openjdk-cygwin\jdk8u\hotspot\src\share\vm\prims\jvm.cpp, line 1390]
Event: 0.294 Thread 0x0000000002ea3800 Exception <a 'java/security/PrivilegedActionException'> (0x00000000eb1189e0) thrown at [D:\src\AOSP-openjdk-cygwin\jdk8u\hotspot\src\share\vm\prims\jvm.cpp, line 1390]
Event: 0.294 Thread 0x0000000002ea3800 Exception <a 'java/security/PrivilegedActionException'> (0x00000000eb119b50) thrown at [D:\src\AOSP-openjdk-cygwin\jdk8u\hotspot\src\share\vm\prims\jvm.cpp, line 1390]
Event: 0.295 Thread 0x0000000002ea3800 Exception <a 'java/security/PrivilegedActionException'> (0x00000000eb11ecb8) thrown at [D:\src\AOSP-openjdk-cygwin\jdk8u\hotspot\src\share\vm\prims\jvm.cpp, line 1390]
Event: 0.295 Thread 0x0000000002ea3800 Exception <a 'java/security/PrivilegedActionException'> (0x00000000eb11f910) thrown at [D:\src\AOSP-openjdk-cygwin\jdk8u\hotspot\src\share\vm\prims\jvm.cpp, line 1390]
Event: 0.295 Thread 0x0000000002ea3800 Exception <a 'java/security/PrivilegedActionException'> (0x00000000eb120538) thrown at [D:\src\AOSP-openjdk-cygwin\jdk8u\hotspot\src\share\vm\prims\jvm.cpp, line 1390]
Event: 2.223 Thread 0x0000000017d6d800 Implicit null exception at 0x0000000003212f4d to 0x0000000003212f78
Event: 12.332 Thread 0x0000000017d6d800 Implicit null exception at 0x0000000003346500 to 0x0000000003346991
Event: 12.332 Thread 0x0000000017d6d800 Implicit null exception at 0x00000000032e43f0 to 0x00000000032e4445
Event: 12.332 Thread 0x0000000017d6d800 Implicit null exception at 0x00000000032e703c to 0x00000000032e98b1

Events (10 events):
Event: 12.332 Thread 0x0000000017d6d800 Uncommon trap: trap_request=0xffffff65 fr.pc=0x00000000032e98d0
Event: 12.332 Thread 0x0000000017d6d800 DEOPT PACKING pc=0x00000000032e98d0 sp=0x0000000019a8ef80
Event: 12.332 Thread 0x0000000017d6d800 DEOPT UNPACKING pc=0x0000000002fe557b sp=0x0000000019a8eed0 mode 2
Event: 12.332 loading class java/util/ArrayList$Itr
Event: 12.332 loading class java/util/ArrayList$Itr done
Event: 12.699 Thread 0x0000000017d6d800 DEOPT PACKING pc=0x00000000032f0f73 sp=0x0000000019a8f100
Event: 12.699 Thread 0x0000000017d6d800 DEOPT UNPACKING pc=0x0000000002fe75d0 sp=0x0000000019a8eec0 mode 0
Event: 15.693 Thread 0x0000000017d6d800 Uncommon trap: trap_request=0xffffff65 fr.pc=0x000000000339f05c
Event: 15.693 Thread 0x0000000017d6d800 DEOPT PACKING pc=0x000000000339f05c sp=0x0000000019a8f170
Event: 15.693 Thread 0x0000000017d6d800 DEOPT UNPACKING pc=0x0000000002fe557b sp=0x0000000019a8f088 mode 2


Dynamic libraries:
0x00007ff778a00000 - 0x00007ff778a31000 	C:\Program Files\Android\Android Studio\jre\bin\java.exe
0x00007fff73880000 - 0x00007fff73a61000 	C:\WINDOWS\SYSTEM32\ntdll.dll
0x00007fff735a0000 - 0x00007fff73652000 	C:\WINDOWS\System32\KERNEL32.DLL
0x00007fff6fc50000 - 0x00007fff6fec3000 	C:\WINDOWS\System32\KERNELBASE.dll
0x00007fff71d10000 - 0x00007fff71db1000 	C:\WINDOWS\System32\ADVAPI32.dll
0x00007fff734e0000 - 0x00007fff7357e000 	C:\WINDOWS\System32\msvcrt.dll
0x00007fff70e00000 - 0x00007fff70e5b000 	C:\WINDOWS\System32\sechost.dll
0x00007fff71dc0000 - 0x00007fff71ee4000 	C:\WINDOWS\System32\RPCRT4.dll
0x00007fff73660000 - 0x00007fff737f0000 	C:\WINDOWS\System32\USER32.dll
0x00007fff70250000 - 0x00007fff70270000 	C:\WINDOWS\System32\win32u.dll
0x00007fff719c0000 - 0x00007fff719e8000 	C:\WINDOWS\System32\GDI32.dll
0x00007fff70ad0000 - 0x00007fff70c62000 	C:\WINDOWS\System32\gdi32full.dll
0x00007fff70c70000 - 0x00007fff70d0f000 	C:\WINDOWS\System32\msvcp_win.dll
0x00007fff70270000 - 0x00007fff7036a000 	C:\WINDOWS\System32\ucrtbase.dll
0x00007fff67900000 - 0x00007fff67b69000 	C:\WINDOWS\WinSxS\amd64_microsoft.windows.common-controls_6595b64144ccf1df_6.0.17134.345_none_fb429a5930656358\COMCTL32.dll
0x00007fff71020000 - 0x00007fff71343000 	C:\WINDOWS\System32\combase.dll
0x00007fff700c0000 - 0x00007fff7013a000 	C:\WINDOWS\System32\bcryptPrimitives.dll
0x00007fff734b0000 - 0x00007fff734dd000 	C:\WINDOWS\System32\IMM32.DLL
0x0000000075cb0000 - 0x0000000075d82000 	C:\Program Files\Android\Android Studio\jre\jre\bin\msvcr100.dll
0x00000000751e0000 - 0x0000000075a1f000 	C:\Program Files\Android\Android Studio\jre\jre\bin\server\jvm.dll
0x00007fff71cf0000 - 0x00007fff71cf8000 	C:\WINDOWS\System32\PSAPI.DLL
0x00007fff6c6e0000 - 0x00007fff6c6e9000 	C:\WINDOWS\SYSTEM32\WSOCK32.dll
0x00007fff6c760000 - 0x00007fff6c783000 	C:\WINDOWS\SYSTEM32\WINMM.dll
0x00007fff6a750000 - 0x00007fff6a75a000 	C:\WINDOWS\SYSTEM32\VERSION.dll
0x00007fff71c20000 - 0x00007fff71c8c000 	C:\WINDOWS\System32\WS2_32.dll
0x00007fff6c730000 - 0x00007fff6c75a000 	C:\WINDOWS\SYSTEM32\WINMMBASE.dll
0x00007fff70a80000 - 0x00007fff70ac9000 	C:\WINDOWS\System32\cfgmgr32.dll
0x00007fff63550000 - 0x00007fff6355f000 	C:\Program Files\Android\Android Studio\jre\jre\bin\verify.dll
0x00007fff2fa90000 - 0x00007fff2fab9000 	C:\Program Files\Android\Android Studio\jre\jre\bin\java.dll
0x00007fff301b0000 - 0x00007fff301c6000 	C:\Program Files\Android\Android Studio\jre\jre\bin\zip.dll
0x00007fff71ef0000 - 0x00007fff7332f000 	C:\WINDOWS\System32\SHELL32.dll
0x00007fff73330000 - 0x00007fff733d9000 	C:\WINDOWS\System32\shcore.dll
0x00007fff70370000 - 0x00007fff70a7d000 	C:\WINDOWS\System32\windows.storage.dll
0x00007fff70fc0000 - 0x00007fff71011000 	C:\WINDOWS\System32\shlwapi.dll
0x00007fff6fc10000 - 0x00007fff6fc21000 	C:\WINDOWS\System32\kernel.appcore.dll
0x00007fff6fc30000 - 0x00007fff6fc4f000 	C:\WINDOWS\System32\profapi.dll
0x00007fff6fbc0000 - 0x00007fff6fc0c000 	C:\WINDOWS\System32\powrprof.dll
0x00007fff6fb90000 - 0x00007fff6fb9a000 	C:\WINDOWS\System32\FLTLIB.DLL
0x0000000065ac0000 - 0x0000000065b26000 	C:\Users\Darsan\AppData\Local\Temp\libgdxDarsan\689f6d6a\gdx64.dll
0x00007fff6f5c0000 - 0x00007fff6f5d7000 	C:\WINDOWS\SYSTEM32\CRYPTSP.dll
0x00007fff6ef90000 - 0x00007fff6efc3000 	C:\WINDOWS\system32\rsaenh.dll
0x00007fff6f6f0000 - 0x00007fff6f715000 	C:\WINDOWS\SYSTEM32\bcrypt.dll
0x00007fff6fa90000 - 0x00007fff6fab8000 	C:\WINDOWS\SYSTEM32\USERENV.dll
0x00007fff6f5e0000 - 0x00007fff6f5eb000 	C:\WINDOWS\SYSTEM32\CRYPTBASE.dll
0x00007fff2f140000 - 0x00007fff2f15a000 	C:\Program Files\Android\Android Studio\jre\jre\bin\net.dll
0x00007fff6f410000 - 0x00007fff6f476000 	C:\WINDOWS\system32\mswsock.dll
0x00007fff6f190000 - 0x00007fff6f1c8000 	C:\WINDOWS\SYSTEM32\IPHLPAPI.DLL
0x00007fff71d00000 - 0x00007fff71d08000 	C:\WINDOWS\System32\NSI.dll
0x00007fff6a400000 - 0x00007fff6a416000 	C:\WINDOWS\SYSTEM32\dhcpcsvc6.DLL
0x00007fff6a3e0000 - 0x00007fff6a3fa000 	C:\WINDOWS\SYSTEM32\dhcpcsvc.DLL
0x00007fff2f120000 - 0x00007fff2f131000 	C:\Program Files\Android\Android Studio\jre\jre\bin\nio.dll
0x0000000180000000 - 0x0000000180053000 	C:\Users\Darsan\AppData\Local\Temp\libgdxDarsan\dc0f0009\lwjgl64.dll
0x00007fff1a600000 - 0x00007fff1a720000 	C:\WINDOWS\SYSTEM32\OPENGL32.dll
0x00007fff2a080000 - 0x00007fff2a0ac000 	C:\WINDOWS\SYSTEM32\GLU32.dll
0x0000000018ba0000 - 0x0000000018c04000 	C:\Users\Darsan\AppData\Local\Temp\libgdxDarsan\dc0f0009\OpenAL64.dll
0x00007fff70e60000 - 0x00007fff70fb1000 	C:\WINDOWS\System32\ole32.dll
0x00007fff6de00000 - 0x00007fff6de98000 	C:\WINDOWS\system32\uxtheme.dll
0x00007fff719f0000 - 0x00007fff71a90000 	C:\WINDOWS\System32\clbcatq.dll
0x00007fff6e6a0000 - 0x00007fff6e854000 	C:\WINDOWS\System32\PROPSYS.dll
0x00007fff733e0000 - 0x00007fff734a2000 	C:\WINDOWS\System32\OLEAUT32.dll
0x00007fff26b70000 - 0x00007fff26bff000 	C:\WINDOWS\SYSTEM32\dsound.dll
0x00007fff68ef0000 - 0x00007fff68f66000 	C:\WINDOWS\System32\MMDevApi.dll
0x00007fff6f9a0000 - 0x00007fff6f9c7000 	C:\WINDOWS\System32\DEVOBJ.dll
0x00007fff30540000 - 0x00007fff3066c000 	C:\WINDOWS\SYSTEM32\AUDIOSES.DLL
0x00007fff6aaf0000 - 0x00007fff6ac3d000 	C:\WINDOWS\SYSTEM32\wintypes.dll
0x00007fff6b2c0000 - 0x00007fff6b2ca000 	C:\WINDOWS\SYSTEM32\AVRT.dll
0x00007fff71aa0000 - 0x00007fff71c14000 	C:\WINDOWS\System32\MSCTF.dll
0x00007fff6e050000 - 0x00007fff6e079000 	C:\WINDOWS\system32\dwmapi.dll
0x00007fff65ec0000 - 0x00007fff65f57000 	C:\WINDOWS\System32\TextInputFramework.dll
0x00007fff6da40000 - 0x00007fff6db1a000 	C:\WINDOWS\System32\CoreMessaging.dll
0x00007fff6ac60000 - 0x00007fff6af7e000 	C:\WINDOWS\System32\CoreUIComponents.dll
0x00007fff6ec80000 - 0x00007fff6ecb1000 	C:\WINDOWS\SYSTEM32\ntmarta.dll
0x00000000728b0000 - 0x0000000074e8d000 	C:\WINDOWS\System32\DriverStore\FileRepository\nv_dispi.inf_amd64_2607ccebc5b08aba\nvoglv64.dll
0x00007fff71350000 - 0x00007fff7179b000 	C:\WINDOWS\System32\SETUPAPI.dll
0x00007fff6c0e0000 - 0x00007fff6c0f3000 	C:\WINDOWS\SYSTEM32\WTSAPI32.dll
0x00007fff701f0000 - 0x00007fff70247000 	C:\WINDOWS\System32\WINTRUST.dll
0x00007fff6fba0000 - 0x00007fff6fbb2000 	C:\WINDOWS\System32\MSASN1.dll
0x00007fff6fed0000 - 0x00007fff700b2000 	C:\WINDOWS\System32\CRYPT32.dll
0x00007fff268a0000 - 0x00007fff26b28000 	C:\WINDOWS\system32\nvspcap64.dll
0x00007fff664d0000 - 0x00007fff66578000 	C:\WINDOWS\SYSTEM32\mscms.dll
0x00007fff6c800000 - 0x00007fff6c810000 	C:\WINDOWS\SYSTEM32\ColorAdapterClient.dll
0x00007fff63580000 - 0x00007fff635c3000 	C:\WINDOWS\SYSTEM32\icm32.dll
0x00007fff6f030000 - 0x00007fff6f086000 	C:\WINDOWS\SYSTEM32\WINSTA.dll
0x000000006e9c0000 - 0x000000006ea4c000 	C:\Users\Darsan\AppData\Local\Temp\libgdxDarsan\7da55056\gdx-box2d64.dll
0x00007fff5d5f0000 - 0x00007fff5d7b9000 	C:\WINDOWS\SYSTEM32\dbghelp.dll

VM Arguments:
jvm_args: -Dfile.encoding=windows-1252 -Duser.country=US -Duser.language=en -Duser.variant 
java_command: com.darsan.game.desktop.DesktopLauncher
java_class_path (initial): D:\mystuff\the smith\desktop\build\classes\java\main;D:\mystuff\the smith\desktop\build\resources\main;D:\mystuff\the smith\core\build\libs\core-1.0.jar;C:\Users\Darsan\.gradle\caches\modules-2\files-2.1\com.badlogicgames.gdx\gdx-tools\1.9.9\55228989f0479dd4bbe487766eda15e5d512c51e\gdx-tools-1.9.9.jar;C:\Users\Darsan\.gradle\caches\modules-2\files-2.1\com.badlogicgames.gdx\gdx-backend-lwjgl\1.9.9\ca8911cb94c0bfeb59f99e46ca9b92440958fb0e\gdx-backend-lwjgl-1.9.9.jar;C:\Users\Darsan\.gradle\caches\modules-2\files-2.1\com.badlogicgames.gdx\gdx-platform\1.9.9\7e644cfafdb436b13b24ac7993ffab17f306b64d\gdx-platform-1.9.9-natives-desktop.jar;C:\Users\Darsan\.gradle\caches\modules-2\files-2.1\com.badlogicgames.gdx\gdx-box2d-platform\1.9.9\72b2916f45f3f948896eda931cd597f7e698340f\gdx-box2d-platform-1.9.9-natives-desktop.jar;C:\Users\Darsan\.gradle\caches\modules-2\files-2.1\com.badlogicgames.gdx\gdx-controllers-desktop\1.9.9\d4b8b62f077382db145e7a94a27a994b68ce6ee\gdx-controllers-desktop-1.9.9.jar;C:\Users\Darsan\.gradle\caches\modules-2\files-2.1\com.badlogicgames.gdx\gdx-controllers-platform\1.9.9\26b8735060fdfd7dc6529cf5085fa57144a349d9\gdx-controllers-platform-1.9.9-natives-desktop.jar;C:\Users\Darsan\.gradle\caches\modules-2\files-2.1\com.badlogicgames.gdx\gdx-controllers\1.9.9\55b69a040e076b17d01a5057f9cb2ce338a3331a\gdx-controllers-1.9.9.jar;C:\Users\Darsan\.gradle\caches\modules-2\files-2.1\com.badlogicgames.ashley\ashley\1.7.0\a7c4083c0a42027a3c03ba7ccecef6cbe1c5f0a4\ashley-1.7.0.jar;C:\Users\Darsan\.gradle\caches\modules-2\files-2.1\com.badlogicgames.gdx\gdx-ai\1.8.0\ec30677d8ab1a8b8aa4b853c5f4e4b1361f50bf5\gdx-ai-1.8.0.jar;C:\Users\Darsan\.gradle\caches\modules-2\files-2.1\com.badlogicgames.gdx\gdx-backend-headless\1.9.9\657d1d232f274162eb8fd600a137b2221f2fc9c\gdx-backend-headless-1.9.9.jar;C:\Users\Darsan\.gradle\caches\modules-2\files-2.1\com.badlogicgames.gdx\gdx-freetype\1.9.9\d947872087863b654d9a0e27a8cb10a29d6fd3d6\gdx-freetype-1.9
Launcher Type: SUN_STANDARD

Environment Variables:
PATH=C:\Program Files (x86)\Common Files\Oracle\Java\javapath;C:\ProgramData\Oracle\Java\javapath;C:\Program Files (x86)\Razer Chroma SDK\bin;C:\Program Files\Razer Chroma SDK\bin;C:\Windows\system32;C:\Windows;C:\Windows\System32\Wbem;C:\Windows\System32\WindowsPowerShell\v1.0\;C:\Users\Darsan\AppData\Local\Microsoft\WindowsApps;C:\Program Files (x86)\GtkSharp\2.12\bin;C:\Program Files\Microsoft SQL Server\Client SDK\ODBC\130\Tools\Binn\;C:\Program Files (x86)\Microsoft SQL Server\130\Tools\Binn\;C:\Program Files\Microsoft SQL Server\130\Tools\Binn\;C:\Program Files\Microsoft SQL Server\130\DTS\Binn\;C:\Program Files (x86)\Microsoft SQL Server\140\Tools\Binn\;C:\Program Files\Microsoft SQL Server\140\Tools\Binn\;C:\Program Files\Microsoft SQL Server\140\DTS\Binn\;C:\Program Files (x86)\Microsoft SQL Server\Client SDK\ODBC\130\Tools\Binn\;C:\Program Files (x86)\Microsoft SQL Server\140\DTS\Binn\;C:\Program Files (x86)\Microsoft SQL Server\140\Tools\Binn\ManagementStudio\;C:\WINDOWS\system32;C:\WINDOWS;C:\WINDOWS\System32\Wbem;C:\WINDOWS\System32\WindowsPowerShell\v1.0\;C:\WINDOWS\System32\OpenSSH\;C:\Program Files (x86)\NVIDIA Corporation\PhysX\Common;C:\Users\Darsan\AppData\Local\Microsoft\WindowsApps;
USERNAME=Darsan
OS=Windows_NT
PROCESSOR_IDENTIFIER=Intel64 Family 6 Model 58 Stepping 9, GenuineIntel



---------------  S Y S T E M  ---------------

OS: Windows 10.0 , 64 bit Build 17134 (10.0.17134.1)

CPU:total 8 (initial active 8) (4 cores per cpu, 2 threads per core) family 6 model 58 stepping 9, cmov, cx8, fxsr, mmx, sse, sse2, sse3, ssse3, sse4.1, sse4.2, popcnt, avx, aes, clmul, erms, ht, tsc, tscinvbit, tscinv

Memory: 4k page, physical 4154460k(564812k free), swap 9659484k(3073944k free)

vm_info: OpenJDK 64-Bit Server VM (25.152-b02) for windows-amd64 JRE (1.8.0_152-release-1024-b02), built by "builder" with MS VC++ 10.0 (VS2010)

time: Sun Mar 17 15:20:55 2019
elapsed time: 44 seconds (0d 0h 0m 44s)

